default
[INFO] Building JsTestDriver Config File
[INFO] Generating Script List
scriptblock
[INFO] Generating Test List
testblock
[INFO] Generating Server List
serveblock
[INFO] Starting JsTestDriver Server: java -jar /Library/Ruby/Gems/1.8/gems/tal-test-runner-0.0.1.1390678128/lib/JsTestDriver-1.3.3d.jar --config js-test-driver-rt.conf  --port 9876
[INFO] Waiting For JsTestDriver Server To Start
response = 404
[INFO] Server Started
[INFO] No Browser Automation Selected ( see webdriverurl param ) - Browser Must Be Started Manually
[INFO] Navigate Browser To http://localhost:9876/capture
[INFO] Waiting For Browser To Connect To JsTestDriverServer
[INFO] Browser Connected
[INFO] Starting Tests
 java -Xmx2G -jar /Library/Ruby/Gems/1.8/gems/tal-test-runner-0.0.1.1390678128/lib/JsTestDriver-1.3.3d.jar --reset  --runnerMode QUIET --config js-test-driver-rt.conf --server http://localhost:9876 --verbose --tests all
Chrome: Reset
Chrome: Reset
Chrome 33.0.1750.152 Mac OS loaded /test/script-tests/prelude.js
Chrome 33.0.1750.152 Mac OS loaded /test/script-tests/lib/require.js
Chrome 33.0.1750.152 Mac OS loaded /test/script-tests/lib/queuedrequire.js
Chrome 33.0.1750.152 Mac OS loaded /test/script-tests/lib/mockapplication.js
Chrome 33.0.1750.152 Mac OS loaded /test/script-tests/lib/sinon.js
Chrome 33.0.1750.152 Mac OS loaded /test/script-tests/lib/ondevicetestconfigvalidate.js
Chrome 33.0.1750.152 Mac OS loaded /test/script-tests/api/configuration.js
Chrome 33.0.1750.152 Mac OS loaded /test/script-tests/api/gui.js
Chrome 33.0.1750.152 Mac OS loaded /test/script-tests/api/input.js
Chrome 33.0.1750.152 Mac OS loaded /test/script-tests/api/jquery.js
Chrome 33.0.1750.152 Mac OS loaded /test/script-tests/api/lifecycle.js
Chrome 33.0.1750.152 Mac OS loaded /test/script-tests/api/testresults.js
Chrome 33.0.1750.152 Mac OS loaded /test/script-tests/mocks/mockelement.js
Chrome 33.0.1750.152 Mac OS loaded /test/script-tests/fixtures/layouts/default.js
Chrome 33.0.1750.152 Mac OS loaded /test/script-tests/fixtures/layouts/toobig.js
Chrome 33.0.1750.152 Mac OS loaded /test/script/application.js
Chrome 33.0.1750.152 Mac OS loaded /test/script/audiosource.js
Chrome 33.0.1750.152 Mac OS loaded /test/script/class.js
Chrome 33.0.1750.152 Mac OS loaded /test/script/datasource.js
Chrome 33.0.1750.152 Mac OS loaded /test/script/devices/anim/css3.js
Chrome 33.0.1750.152 Mac OS loaded /test/script/devices/anim/css3/easinglookup.js
Chrome 33.0.1750.152 Mac OS loaded /test/script/devices/anim/css3/existingtransitiondefinition.js
Chrome 33.0.1750.152 Mac OS loaded /test/script/devices/anim/css3/optionstransitiondefinition.js
Chrome 33.0.1750.152 Mac OS loaded /test/script/devices/anim/css3/propertymap.js
Chrome 33.0.1750.152 Mac OS loaded /test/script/devices/anim/css3/skipanimtransitiondefinition.js
Chrome 33.0.1750.152 Mac OS loaded /test/script/devices/anim/css3/stringhelpers.js
Chrome 33.0.1750.152 Mac OS loaded /test/script/devices/anim/css3/transition.js
Chrome 33.0.1750.152 Mac OS loaded /test/script/devices/anim/css3/transitiondefinition.js
Chrome 33.0.1750.152 Mac OS loaded /test/script/devices/anim/css3/transitionelement.js
Chrome 33.0.1750.152 Mac OS loaded /test/script/devices/anim/noanim.js
Chrome 33.0.1750.152 Mac OS loaded /test/script/devices/anim/shared/transitionendpoints.js
Chrome 33.0.1750.152 Mac OS loaded /test/script/devices/anim/styletopleft.js
Chrome 33.0.1750.152 Mac OS loaded /test/script/devices/anim/tween.js
Chrome 33.0.1750.152 Mac OS loaded /test/script/devices/broadcastsource/basetvsource.js
Chrome 33.0.1750.152 Mac OS loaded /test/script/devices/broadcastsource/hbbtvsource.js
Chrome 33.0.1750.152 Mac OS loaded /test/script/devices/broadcastsource/samsungtvsource.js
Chrome 33.0.1750.152 Mac OS loaded /test/script/devices/browserdevice.js
Chrome 33.0.1750.152 Mac OS loaded /test/script/devices/data/json2.js
Chrome 33.0.1750.152 Mac OS loaded /test/script/devices/data/nativejson.js
Chrome 33.0.1750.152 Mac OS loaded /test/script/devices/device.js
Chrome 33.0.1750.152 Mac OS loaded /test/script/devices/exit/broadcast/netcast.js
Chrome 33.0.1750.152 Mac OS loaded /test/script/devices/exit/broadcast/samsung_maple.js
Chrome 33.0.1750.152 Mac OS loaded /test/script/devices/exit/closewindow.js
Chrome 33.0.1750.152 Mac OS loaded /test/script/devices/exit/destroyapplication.js
Chrome 33.0.1750.152 Mac OS loaded /test/script/devices/exit/history.js
Chrome 33.0.1750.152 Mac OS loaded /test/script/devices/exit/netcast.js
Chrome 33.0.1750.152 Mac OS loaded /test/script/devices/exit/openclosewindow.js
Chrome 33.0.1750.152 Mac OS loaded /test/script/devices/exit/samsung_maple.js
Chrome 33.0.1750.152 Mac OS loaded /test/script/devices/googletv.js
Chrome 33.0.1750.152 Mac OS loaded /test/script/devices/logging/alert.js
Chrome 33.0.1750.152 Mac OS loaded /test/script/devices/logging/consumelog.js
Chrome 33.0.1750.152 Mac OS loaded /test/script/devices/logging/default.js
Chrome 33.0.1750.152 Mac OS loaded /test/script/devices/logging/jstestdriver.js
Chrome 33.0.1750.152 Mac OS loaded /test/script/devices/logging/onscreen.js
Chrome 33.0.1750.152 Mac OS loaded /test/script/devices/logging/xhr.js
Chrome 33.0.1750.152 Mac OS loaded /test/script/devices/media/cehtml.js
Chrome 33.0.1750.152 Mac OS loaded /test/script/devices/media/cehtmlmediatypefix.js
Chrome 33.0.1750.152 Mac OS loaded /test/script/devices/media/html5.js
Chrome 33.0.1750.152 Mac OS loaded /test/script/devices/media/html5memoryleakfix.js
Chrome 33.0.1750.152 Mac OS loaded /test/script/devices/media/html5untyped.js
Chrome 33.0.1750.152 Mac OS loaded /test/script/devices/media/html5waitingfix.js
Chrome 33.0.1750.152 Mac OS loaded /test/script/devices/media/native.js
Chrome 33.0.1750.152 Mac OS loaded /test/script/devices/media/quicktime.js
Chrome 33.0.1750.152 Mac OS loaded /test/script/devices/media/samsung_maple.js
Chrome 33.0.1750.152 Mac OS loaded /test/script/devices/media/seekstate.js
Chrome 33.0.1750.152 Mac OS loaded /test/script/devices/net/default.js
Chrome 33.0.1750.152 Mac OS loaded /test/script/devices/net/xhrthiswindow.js
Chrome 33.0.1750.152 Mac OS loaded /test/script/devices/netcast.js
Chrome 33.0.1750.152 Mac OS loaded /test/script/devices/storage/cookie.js
Chrome 33.0.1750.152 Mac OS loaded /test/script/devices/storage/session.js
Chrome 33.0.1750.152 Mac OS loaded /test/script/events/afteralignevent.js
Chrome 33.0.1750.152 Mac OS loaded /test/script/events/beforealignevent.js
Chrome 33.0.1750.152 Mac OS loaded /test/script/events/beforeselecteditemchangeevent.js
Chrome 33.0.1750.152 Mac OS loaded /test/script/events/blurevent.js
Chrome 33.0.1750.152 Mac OS loaded /test/script/events/componentevent.js
Chrome 33.0.1750.152 Mac OS loaded /test/script/events/databoundevent.js
Chrome 33.0.1750.152 Mac OS loaded /test/script/events/event.js
Chrome 33.0.1750.152 Mac OS loaded /test/script/events/focusdelayevent.js
Chrome 33.0.1750.152 Mac OS loaded /test/script/events/focusevent.js
Chrome 33.0.1750.152 Mac OS loaded /test/script/events/keyevent.js
Chrome 33.0.1750.152 Mac OS loaded /test/script/events/mediaerrorevent.js
Chrome 33.0.1750.152 Mac OS loaded /test/script/events/mediaevent.js
Chrome 33.0.1750.152 Mac OS loaded /test/script/events/mediasourceerrorevent.js
Chrome 33.0.1750.152 Mac OS loaded /test/script/events/networkstatuschangeevent.js
Chrome 33.0.1750.152 Mac OS loaded /test/script/events/pagechangeevent.js
Chrome 33.0.1750.152 Mac OS loaded /test/script/events/selecteditemchangeevent.js
Chrome 33.0.1750.152 Mac OS loaded /test/script/events/selectevent.js
Chrome 33.0.1750.152 Mac OS loaded /test/script/events/sliderchangeevent.js
Chrome 33.0.1750.152 Mac OS loaded /test/script/events/textchangeevent.js
Chrome 33.0.1750.152 Mac OS loaded /test/script/events/textpagechangeevent.js
Chrome 33.0.1750.152 Mac OS loaded /test/script/formatter.js
Chrome 33.0.1750.152 Mac OS loaded /test/script/historian.js
Chrome 33.0.1750.152 Mac OS loaded /test/script/iterator.js
Chrome 33.0.1750.152 Mac OS loaded /test/script/lib/date.format.js
Chrome 33.0.1750.152 Mac OS loaded /test/script/lib/date.parse.js
Chrome 33.0.1750.152 Mac OS loaded /test/script/lib/intervalformat.js
Chrome 33.0.1750.152 Mac OS loaded /test/script/lib/math.seedrandom.js
Chrome 33.0.1750.152 Mac OS loaded /test/script/lib/require.js
Chrome 33.0.1750.152 Mac OS loaded /test/script/lib/sha1.js
Chrome 33.0.1750.152 Mac OS loaded /test/script/lib/shifty.js
Chrome 33.0.1750.152 Mac OS loaded /test/script/mediasource.js
Chrome 33.0.1750.152 Mac OS loaded /test/script/packages/core.js
Chrome 33.0.1750.152 Mac OS loaded /test/script/storageprovider.js
Chrome 33.0.1750.152 Mac OS loaded /test/script/targets/core.js
Chrome 33.0.1750.152 Mac OS loaded /test/script/urlbuilder.js
Chrome 33.0.1750.152 Mac OS loaded /test/script/videosource.js
Chrome 33.0.1750.152 Mac OS loaded /test/script/widgets/button.js
Chrome 33.0.1750.152 Mac OS loaded /test/script/widgets/carousel.js
Chrome 33.0.1750.152 Mac OS loaded /test/script/widgets/carousel/aligners/aligner.js
Chrome 33.0.1750.152 Mac OS loaded /test/script/widgets/carousel/aligners/alignmentqueue.js
Chrome 33.0.1750.152 Mac OS loaded /test/script/widgets/carousel/binder.js
Chrome 33.0.1750.152 Mac OS loaded /test/script/widgets/carousel/binders/batchbinder.js
Chrome 33.0.1750.152 Mac OS loaded /test/script/widgets/carousel/carouselcore.js
Chrome 33.0.1750.152 Mac OS loaded /test/script/widgets/carousel/keyhandlers/activatefirsthandler.js
Chrome 33.0.1750.152 Mac OS loaded /test/script/widgets/carousel/keyhandlers/alignfirsthandler.js
Chrome 33.0.1750.152 Mac OS loaded /test/script/widgets/carousel/keyhandlers/keyhandler.js
Chrome 33.0.1750.152 Mac OS loaded /test/script/widgets/carousel/mask.js
Chrome 33.0.1750.152 Mac OS loaded /test/script/widgets/carousel/navigators/bookendednavigator.js
Chrome 33.0.1750.152 Mac OS loaded /test/script/widgets/carousel/navigators/navigator.js
Chrome 33.0.1750.152 Mac OS loaded /test/script/widgets/carousel/navigators/wrappingnavigator.js
Chrome 33.0.1750.152 Mac OS loaded /test/script/widgets/carousel/orientations/horizontal.js
Chrome 33.0.1750.152 Mac OS loaded /test/script/widgets/carousel/orientations/vertical.js
Chrome 33.0.1750.152 Mac OS loaded /test/script/widgets/carousel/spinner.js
Chrome 33.0.1750.152 Mac OS loaded /test/script/widgets/carousel/strips/cullingstrip.js
Chrome 33.0.1750.152 Mac OS loaded /test/script/widgets/carousel/strips/hidingstrip.js
Chrome 33.0.1750.152 Mac OS loaded /test/script/widgets/carousel/strips/utility/attachedstate.js
Chrome 33.0.1750.152 Mac OS loaded /test/script/widgets/carousel/strips/utility/hiddenstate.js
Chrome 33.0.1750.152 Mac OS loaded /test/script/widgets/carousel/strips/utility/initstate.js
Chrome 33.0.1750.152 Mac OS loaded /test/script/widgets/carousel/strips/utility/renderedstate.js
Chrome 33.0.1750.152 Mac OS loaded /test/script/widgets/carousel/strips/utility/state.js
Chrome 33.0.1750.152 Mac OS loaded /test/script/widgets/carousel/strips/utility/states.js
Chrome 33.0.1750.152 Mac OS loaded /test/script/widgets/carousel/strips/utility/visibilitystates.js
Chrome 33.0.1750.152 Mac OS loaded /test/script/widgets/carousel/strips/utility/visiblestate.js
Chrome 33.0.1750.152 Mac OS loaded /test/script/widgets/carousel/strips/utility/widgetcontext.js
Chrome 33.0.1750.152 Mac OS loaded /test/script/widgets/carousel/strips/widgetstrip.js
Chrome 33.0.1750.152 Mac OS loaded /test/script/widgets/carousel/strips/wrappingstrip.js
Chrome 33.0.1750.152 Mac OS loaded /test/script/widgets/component.js
Chrome 33.0.1750.152 Mac OS loaded /test/script/widgets/componentcontainer.js
Chrome 33.0.1750.152 Mac OS loaded /test/script/widgets/container.js
Chrome 33.0.1750.152 Mac OS loaded /test/script/widgets/grid.js
Chrome 33.0.1750.152 Mac OS loaded /test/script/widgets/horizontalcarousel.js
Chrome 33.0.1750.152 Mac OS loaded /test/script/widgets/horizontallist.js
Chrome 33.0.1750.152 Mac OS loaded /test/script/widgets/horizontalprogress.js
Chrome 33.0.1750.152 Mac OS loaded /test/script/widgets/horizontalslider.js
Chrome 33.0.1750.152 Mac OS loaded /test/script/widgets/image.js
Chrome 33.0.1750.152 Mac OS loaded /test/script/widgets/keyboard.js
Chrome 33.0.1750.152 Mac OS loaded /test/script/widgets/label.js
Chrome 33.0.1750.152 Mac OS loaded /test/script/widgets/list.js
Chrome 33.0.1750.152 Mac OS loaded /test/script/widgets/listitem.js
Chrome 33.0.1750.152 Mac OS loaded /test/script/widgets/media.js
Chrome 33.0.1750.152 Mac OS loaded /test/script/widgets/scrubbar.js
Chrome 33.0.1750.152 Mac OS loaded /test/script/widgets/state_view_container.js
Chrome 33.0.1750.152 Mac OS loaded /test/script/widgets/textpager.js
Chrome 33.0.1750.152 Mac OS loaded /test/script/widgets/verticallist.js
Chrome 33.0.1750.152 Mac OS loaded /test/script/widgets/widget.js
Chrome 33.0.1750.152 Mac OS loaded /test/script-tests/tests/application-components.js
Chrome 33.0.1750.152 Mac OS loaded /test/script-tests/tests/application-events.js
Chrome 33.0.1750.152 Mac OS loaded /test/script-tests/tests/application-exit.js
Chrome 33.0.1750.152 Mac OS loaded /test/script-tests/tests/application-initialisation.js
Chrome 33.0.1750.152 Mac OS loaded /test/script-tests/tests/application-launchapp.js
Chrome 33.0.1750.152 Mac OS loaded /test/script-tests/tests/application-layouts.js
Chrome 33.0.1750.152 Mac OS loaded /test/script-tests/tests/application-routing.js
Chrome 33.0.1750.152 Mac OS loaded /test/script-tests/tests/audiosource.js
Chrome 33.0.1750.152 Mac OS loaded /test/script-tests/tests/class.js
Chrome 33.0.1750.152 Mac OS loaded /test/script-tests/tests/datasource.js
Chrome 33.0.1750.152 Mac OS loaded /test/script-tests/tests/devices/anim/css3.js
Chrome 33.0.1750.152 Mac OS loaded /test/script-tests/tests/devices/anim/css3/existingtransitiondefinition.js
Chrome 33.0.1750.152 Mac OS loaded /test/script-tests/tests/devices/anim/css3/optionstransitiondefinition.js
Chrome 33.0.1750.152 Mac OS loaded /test/script-tests/tests/devices/anim/css3/propertymap.js
Chrome 33.0.1750.152 Mac OS loaded /test/script-tests/tests/devices/anim/css3/skipanimtransitiondefinition.js
Chrome 33.0.1750.152 Mac OS loaded /test/script-tests/tests/devices/anim/css3/stringhelpers.js
Chrome 33.0.1750.152 Mac OS loaded /test/script-tests/tests/devices/anim/css3/transition.js
Chrome 33.0.1750.152 Mac OS loaded /test/script-tests/tests/devices/anim/css3/transitiondefinition.js
Chrome 33.0.1750.152 Mac OS loaded /test/script-tests/tests/devices/anim/css3/transitionelement.js
Chrome 33.0.1750.152 Mac OS loaded /test/script-tests/tests/devices/anim/css3/transitionendpoints.js
Chrome 33.0.1750.152 Mac OS loaded /test/script-tests/tests/devices/anim/noanim.js
Chrome 33.0.1750.152 Mac OS loaded /test/script-tests/tests/devices/anim/styletopleft.js
Chrome 33.0.1750.152 Mac OS loaded /test/script-tests/tests/devices/anim/tween.js
Chrome 33.0.1750.152 Mac OS loaded /test/script-tests/tests/devices/broadcastsource/basetvsourcetest.js
Chrome 33.0.1750.152 Mac OS loaded /test/script-tests/tests/devices/broadcastsource/hbbtvsourcetest.js
Chrome 33.0.1750.152 Mac OS loaded /test/script-tests/tests/devices/broadcastsource/samsungtvsourcetest.js
Chrome 33.0.1750.152 Mac OS loaded /test/script-tests/tests/devices/browserdevice.js
Chrome 33.0.1750.152 Mac OS loaded /test/script-tests/tests/devices/device.js
Chrome 33.0.1750.152 Mac OS loaded /test/script-tests/tests/devices/exit/broadcast/netcast.js
Chrome 33.0.1750.152 Mac OS loaded /test/script-tests/tests/devices/exit/broadcast/samsung_maple.js
Chrome 33.0.1750.152 Mac OS loaded /test/script-tests/tests/devices/exit/destroyapplication.js
Chrome 33.0.1750.152 Mac OS loaded /test/script-tests/tests/devices/exit/history.js
Chrome 33.0.1750.152 Mac OS loaded /test/script-tests/tests/devices/exit/netcast.js
Chrome 33.0.1750.152 Mac OS loaded /test/script-tests/tests/devices/exit/openclosewindow.js
Chrome 33.0.1750.152 Mac OS loaded /test/script-tests/tests/devices/logging/logging.js
Chrome 33.0.1750.152 Mac OS loaded /test/script-tests/tests/devices/media/cehtml.js
Chrome 33.0.1750.152 Mac OS loaded /test/script-tests/tests/devices/media/html5-volume.js
Chrome 33.0.1750.152 Mac OS loaded /test/script-tests/tests/devices/media/html5.js
Chrome 33.0.1750.152 Mac OS loaded /test/script-tests/tests/devices/media/html5waitingfix.js
Chrome 33.0.1750.152 Mac OS loaded /test/script-tests/tests/devices/media/native.js
Chrome 33.0.1750.152 Mac OS loaded /test/script-tests/tests/devices/media/quicktime.js
Chrome 33.0.1750.152 Mac OS loaded /test/script-tests/tests/devices/media/samsung_maple.js
Chrome 33.0.1750.152 Mac OS loaded /test/script-tests/tests/devices/media/seekstate.js
Chrome 33.0.1750.152 Mac OS loaded /test/script-tests/tests/devices/net/default.js
Chrome 33.0.1750.152 Mac OS loaded /test/script-tests/tests/devices/storage/cookie.js
Chrome 33.0.1750.152 Mac OS loaded /test/script-tests/tests/devices/storage/session.js
Chrome 33.0.1750.152 Mac OS loaded /test/script-tests/tests/formatter.js
Chrome 33.0.1750.152 Mac OS loaded /test/script-tests/tests/historian.js
Chrome 33.0.1750.152 Mac OS loaded /test/script-tests/tests/iterator.js
Chrome 33.0.1750.152 Mac OS loaded /test/script-tests/tests/jsapi/configuration.js
Chrome 33.0.1750.152 Mac OS loaded /test/script-tests/tests/mediasource.js
Chrome 33.0.1750.152 Mac OS loaded /test/script-tests/tests/storageprovider.js
Chrome 33.0.1750.152 Mac OS loaded /test/script-tests/tests/urlbuilder.js
Chrome 33.0.1750.152 Mac OS loaded /test/script-tests/tests/videosource.js
Chrome 33.0.1750.152 Mac OS loaded /test/script-tests/tests/widgets/button.js
Chrome 33.0.1750.152 Mac OS loaded /test/script-tests/tests/widgets/carousel.js
Chrome 33.0.1750.152 Mac OS loaded /test/script-tests/tests/widgets/carousel/aligners/aligner.js
Chrome 33.0.1750.152 Mac OS loaded /test/script-tests/tests/widgets/carousel/aligners/alignmentqueue.js
Chrome 33.0.1750.152 Mac OS loaded /test/script-tests/tests/widgets/carousel/binder.js
Chrome 33.0.1750.152 Mac OS loaded /test/script-tests/tests/widgets/carousel/binders/batchbinder.js
Chrome 33.0.1750.152 Mac OS loaded /test/script-tests/tests/widgets/carousel/carouselcore.js
Chrome 33.0.1750.152 Mac OS loaded /test/script-tests/tests/widgets/carousel/keyhandlers/activatefirsthandler.js
Chrome 33.0.1750.152 Mac OS loaded /test/script-tests/tests/widgets/carousel/keyhandlers/alignfirsthandler.js
Chrome 33.0.1750.152 Mac OS loaded /test/script-tests/tests/widgets/carousel/keyhandlers/keyhandler.js
Chrome 33.0.1750.152 Mac OS loaded /test/script-tests/tests/widgets/carousel/mask.js
Chrome 33.0.1750.152 Mac OS loaded /test/script-tests/tests/widgets/carousel/navigators/bookendednavigator.js
Chrome 33.0.1750.152 Mac OS loaded /test/script-tests/tests/widgets/carousel/navigators/testhelpers/navigator.js
Chrome 33.0.1750.152 Mac OS loaded /test/script-tests/tests/widgets/carousel/navigators/wrappingnavigator.js
Chrome 33.0.1750.152 Mac OS loaded /test/script-tests/tests/widgets/carousel/orientations/horizontal.js
Chrome 33.0.1750.152 Mac OS loaded /test/script-tests/tests/widgets/carousel/orientations/vertical.js
Chrome 33.0.1750.152 Mac OS loaded /test/script-tests/tests/widgets/carousel/spinner.js
Chrome 33.0.1750.152 Mac OS loaded /test/script-tests/tests/widgets/carousel/strips/cullingstrip.js
Chrome 33.0.1750.152 Mac OS loaded /test/script-tests/tests/widgets/carousel/strips/utility/attachedstate.js
Chrome 33.0.1750.152 Mac OS loaded /test/script-tests/tests/widgets/carousel/strips/utility/hiddenstate.js
Chrome 33.0.1750.152 Mac OS loaded /test/script-tests/tests/widgets/carousel/strips/utility/initstate.js
Chrome 33.0.1750.152 Mac OS loaded /test/script-tests/tests/widgets/carousel/strips/utility/renderedstate.js
Chrome 33.0.1750.152 Mac OS loaded /test/script-tests/tests/widgets/carousel/strips/utility/visiblestate.js
Chrome 33.0.1750.152 Mac OS loaded /test/script-tests/tests/widgets/carousel/strips/utility/widgetcontext.js
Chrome 33.0.1750.152 Mac OS loaded /test/script-tests/tests/widgets/carousel/strips/widgetstrip.js
Chrome 33.0.1750.152 Mac OS loaded /test/script-tests/tests/widgets/carousel/strips/wrappingstrip.js
Chrome 33.0.1750.152 Mac OS loaded /test/script-tests/tests/widgets/component.js
Chrome 33.0.1750.152 Mac OS loaded /test/script-tests/tests/widgets/componentcontainer.js
Chrome 33.0.1750.152 Mac OS loaded /test/script-tests/tests/widgets/container.js
Chrome 33.0.1750.152 Mac OS loaded /test/script-tests/tests/widgets/grid.js
Chrome 33.0.1750.152 Mac OS loaded /test/script-tests/tests/widgets/horizontalcarousel.js
Chrome 33.0.1750.152 Mac OS loaded /test/script-tests/tests/widgets/horizontallist.js
Chrome 33.0.1750.152 Mac OS loaded /test/script-tests/tests/widgets/horizontalprogress.js
Chrome 33.0.1750.152 Mac OS loaded /test/script-tests/tests/widgets/horizontalslider.js
Chrome 33.0.1750.152 Mac OS loaded /test/script-tests/tests/widgets/image.js
Chrome 33.0.1750.152 Mac OS loaded /test/script-tests/tests/widgets/keyboard.js
Chrome 33.0.1750.152 Mac OS loaded /test/script-tests/tests/widgets/label.js
Chrome 33.0.1750.152 Mac OS loaded /test/script-tests/tests/widgets/list.js
Chrome 33.0.1750.152 Mac OS loaded /test/script-tests/tests/widgets/listitem.js
Chrome 33.0.1750.152 Mac OS loaded /test/script-tests/tests/widgets/media.js
Chrome 33.0.1750.152 Mac OS loaded /test/script-tests/tests/widgets/scrubbar.js
Chrome 33.0.1750.152 Mac OS loaded /test/script-tests/tests/widgets/textpager.js
Chrome 33.0.1750.152 Mac OS loaded /test/script-tests/tests/widgets/verticallist.js
Chrome 33.0.1750.152 Mac OS loaded /test/script-tests/tests/widgets/widget.js
Chrome 33.0.1750.152 Mac OS [PASSED] Application_Components.testSetGetRootWidget
  [WARN] devices/media/cehtml.js untested!
  [WARN] devices/media/html5.js untested!
  [WARN] devices/media/native.js untested!
  [WARN] devices/media/quicktime.js untested!
  [WARN] devices/media/samsung_maple.js untested!
  [WARN] widgets/grid.js untested!
  [WARN] widgets/horizontalprogress.js untested!
  [WARN] widgets/horizontalslider.js untested!
  [WARN] widgets/media.js untested!
  [WARN] widgets/scrubbar.js untested!
  [WARN] widgets/textpager.js untested!
Chrome 33.0.1750.152 Mac OS [PASSED] Application_Components.testGetFocusedWidget
Chrome 33.0.1750.152 Mac OS [PASSED] Application_Components.testAddComponentContainerAddsChild
Chrome 33.0.1750.152 Mac OS [PASSED] Application_Components.testAddComponentContainerWithModuleLoadsModule
Chrome 33.0.1750.152 Mac OS [PASSED] Application_Components.testAddComponentContainerWithModuleLoadsModuleWithArgs
Chrome 33.0.1750.152 Mac OS [PASSED] Application_Components.testPushComponent
Chrome 33.0.1750.152 Mac OS [PASSED] Application_Components.testPushComponentWithArgs
Chrome 33.0.1750.152 Mac OS [PASSED] Application_Components.testPopComponentWithOneItemOnStack
Chrome 33.0.1750.152 Mac OS [PASSED] Application_Components.testPopComponentWithTwoDifferentComponentsOnStack
Chrome 33.0.1750.152 Mac OS [PASSED] Application_Components.testHideComponent
Chrome 33.0.1750.152 Mac OS [PASSED] Application_Components.testSetActiveComponent
Chrome 33.0.1750.152 Mac OS [PASSED] Application_Events.testBubbleEvent
Chrome 33.0.1750.152 Mac OS [PASSED] Application_Events.testBroadcastEvent
Chrome 33.0.1750.152 Mac OS [PASSED] Application_Events.testAddEventListener
Chrome 33.0.1750.152 Mac OS [PASSED] Application_Events.testRemoveEventListener
Chrome 33.0.1750.152 Mac OS [PASSED] Application_Exit.testBackWithNoHistoryCallsExit
Chrome 33.0.1750.152 Mac OS [PASSED] Application_Exit.testExitWithNoHistoryCallsDeviceExit
Chrome 33.0.1750.152 Mac OS [PASSED] Application_Exit.testBackWithBroadcastHistoryCallsExit
Chrome 33.0.1750.152 Mac OS [PASSED] Application_Exit.testExitWithBroadcastHistoryCallsExitToBroadcast
Chrome 33.0.1750.152 Mac OS [PASSED] Application_Exit.testBackHistoryCallsLastHistory
Chrome 33.0.1750.152 Mac OS [PASSED] Application_Exit.testHasHistoryWithNoHistoryReturnsFalse
Chrome 33.0.1750.152 Mac OS [PASSED] Application_Exit.testHasHistoryWithHistoryReturnsTrue
Chrome 33.0.1750.152 Mac OS [PASSED] Application_Initialisation.testInterface
Chrome 33.0.1750.152 Mac OS [PASSED] Application_Initialisation.testReadyCalled
Chrome 33.0.1750.152 Mac OS [PASSED] Application_Initialisation.testGetCurrentApplication
Chrome 33.0.1750.152 Mac OS [PASSED] Application_Initialisation.testApplicationCanBeInitialisedOnlyOnce
Chrome 33.0.1750.152 Mac OS [PASSED] Application_Initialisation.testApplicationCanBeInitialisedAfterDestroy
Chrome 33.0.1750.152 Mac OS [PASSED] Application_Initialisation.testRunIsCalled
Chrome 33.0.1750.152 Mac OS [PASSED] Application_Initialisation.testGetDevice
Chrome 33.0.1750.152 Mac OS [PASSED] Application_LaunchApp.testGetCurrentAppURL
Chrome 33.0.1750.152 Mac OS [PASSED] Application_LaunchApp.testGetCurrentAppURLParameters
Chrome 33.0.1750.152 Mac OS [PASSED] Application_LaunchApp.testLaunchAppFromURL
Chrome 33.0.1750.152 Mac OS [PASSED] Application_LaunchApp.testLaunchAppFromURLWithHistory
Chrome 33.0.1750.152 Mac OS [PASSED] Application_LaunchApp.testLaunchAppFromURLQueryAppend
Chrome 33.0.1750.152 Mac OS [PASSED] Application_LaunchApp.testLaunchAppFromURLQueryOverride
Chrome 33.0.1750.152 Mac OS [PASSED] Application_LaunchApp.testLaunchAppWithRoute
Chrome 33.0.1750.152 Mac OS [PASSED] Application_LaunchApp.testLaunchAppFull
Chrome 33.0.1750.152 Mac OS [PASSED] Application_Layouts.testGetBestFitLayout
Chrome 33.0.1750.152 Mac OS [PASSED] Application_Layouts.testGetBestFitLayoutOnLargerScreen
Chrome 33.0.1750.152 Mac OS [PASSED] Application_Layouts.testSetLayoutIsCalled
Chrome 33.0.1750.152 Mac OS [PASSED] Application_Layouts.testGetLayout
Chrome 33.0.1750.152 Mac OS [PASSED] Application_Layouts.testSetLayoutLoadCSS
  [WARN] BrowserDevice::setLayout with stylesheets is currently untested.
Chrome 33.0.1750.152 Mac OS [PASSED] Application_Layouts.testSetLayoutPreloadImages
Chrome 33.0.1750.152 Mac OS [PASSED] Application_Layouts.testSetLayoutSetClasses
Chrome 33.0.1750.152 Mac OS [PASSED] Application_Routing.testGetSetCurrentRoute
Chrome 33.0.1750.152 Mac OS [PASSED] Application_Routing.testSetCurrentRouteUsesDevice
Chrome 33.0.1750.152 Mac OS [PASSED] Application_Routing.testGetCurrentRouteUsesDevice
Chrome 33.0.1750.152 Mac OS [PASSED] Application_Routing.testGetReferer
Chrome 33.0.1750.152 Mac OS [PASSED] Application_Routing.testRouteIsCalled
Chrome 33.0.1750.152 Mac OS [PASSED] AudioSource.testInterface
Chrome 33.0.1750.152 Mac OS [PASSED] AudioSource.testGetMediaType
Chrome 33.0.1750.152 Mac OS [PASSED] AudioSource.testGetURL
Chrome 33.0.1750.152 Mac OS [PASSED] Class.testInterface
Chrome 33.0.1750.152 Mac OS [PASSED] Class.testExtend
Chrome 33.0.1750.152 Mac OS [PASSED] Class.testDoubleExtend
Chrome 33.0.1750.152 Mac OS [PASSED] Class.testTripleExtend
Chrome 33.0.1750.152 Mac OS [PASSED] DataSource.testInterface
Chrome 33.0.1750.152 Mac OS [PASSED] DataSource.testCallsWrappedMethod
Chrome 33.0.1750.152 Mac OS [PASSED] DataSource.testCallsOnSuccess
Chrome 33.0.1750.152 Mac OS [PASSED] DataSource.testCallsOnError
Chrome 33.0.1750.152 Mac OS [PASSED] Css3AnimationTest.testScrollElementToWithAnim
Chrome 33.0.1750.152 Mac OS [PASSED] Css3AnimationTest.testScrollElementToWithNoLeftValue
Chrome 33.0.1750.152 Mac OS [PASSED] Css3AnimationTest.testScrollElementToWithNoTopValue
Chrome 33.0.1750.152 Mac OS [PASSED] Css3AnimationTest.testScrollElementToWithNoAnim
Chrome 33.0.1750.152 Mac OS [PASSED] Css3AnimationTest.testScrollElementToWithNoAnimInConfig
Chrome 33.0.1750.152 Mac OS [PASSED] Css3AnimationTest.testScrollElementRejectsNonMaskElement
Chrome 33.0.1750.152 Mac OS [PASSED] Css3AnimationTest.testScrollElementToRequiresMaskElement
Chrome 33.0.1750.152 Mac OS [PASSED] Css3AnimationTest.testScrollElementToRequiresMaskElementChild
Chrome 33.0.1750.152 Mac OS [PASSED] Css3AnimationTest.testMoveElementToWithAnim
Chrome 33.0.1750.152 Mac OS [PASSED] Css3AnimationTest.testMoveElementToWithNoAnim

Chrome 33.0.1750.152 Mac OS [PASSED] Css3AnimationTest.testMoveElementToWithNoAnimInConfig
Chrome 33.0.1750.152 Mac OS [PASSED] Css3AnimationTest.testHideElementWithAnim
Chrome 33.0.1750.152 Mac OS [PASSED] Css3AnimationTest.testHideElementWithNoAnim
Chrome 33.0.1750.152 Mac OS [PASSED] Css3AnimationTest.testHideElementWithNoAnimInConfig
Chrome 33.0.1750.152 Mac OS [PASSED] Css3AnimationTest.testShowElementWithAnim
Chrome 33.0.1750.152 Mac OS [PASSED] Css3AnimationTest.testShowElementWithNoAnim
Chrome 33.0.1750.152 Mac OS [PASSED] Css3AnimationTest.testShowElementWithNoAnimInConfig
Chrome 33.0.1750.152 Mac OS [PASSED] Css3AnimationTest.testSpecificShowAnimationPropertiesPassedToTransition
Chrome 33.0.1750.152 Mac OS [PASSED] Css3AnimationTest.testSpecificHideAnimationPropertiesPassedToTransition
Chrome 33.0.1750.152 Mac OS [PASSED] Css3AnimationTest.testDefaultShowAnimationPropertiesPassedToTransiton
Chrome 33.0.1750.152 Mac OS [PASSED] Css3AnimationTest.testDefaultHideAnimationPropertiesPassedToTransition
Chrome 33.0.1750.152 Mac OS [PASSED] Css3AnimationTest.testConfigurationShowAnimationPropertiesPassedToTransition
Chrome 33.0.1750.152 Mac OS [PASSED] Css3AnimationTest.testConfigurationHideAnimationPropertiesPassedToTransition
Chrome 33.0.1750.152 Mac OS [PASSED] Css3AnimationTest.testTweenElementStyleSetsStartAndEnd
Chrome 33.0.1750.152 Mac OS [PASSED] Css3AnimationTest.testTweenElementStyleFiresOnComplete
Chrome 33.0.1750.152 Mac OS [PASSED] Css3AnimationTest.testTweenElementStyleSetsUnits
Chrome 33.0.1750.152 Mac OS [PASSED] ExistingTransitionDefinition.testTransitionDefinitionCreatedCorrectlyFromElement
Chrome 33.0.1750.152 Mac OS [PASSED] OptionsTransitionDefinition.testTransitionDefinitionCreatedFromEmptyOptionsIsEmpty
Chrome 33.0.1750.152 Mac OS [PASSED] OptionsTransitionDefinition.testTransitionDefinitionCreatedFromOptionsGetsCorrectProperties
Chrome 33.0.1750.152 Mac OS [PASSED] OptionsTransitionDefinition.testTransitionDefinitionCreatedFromOptionsGetsCorrectDuration
Chrome 33.0.1750.152 Mac OS [PASSED] OptionsTransitionDefinition.testTransitionDefinitionCreatedFromOptionsGetsCorrectTimingFn
Chrome 33.0.1750.152 Mac OS [PASSED] OptionsTransitionDefinition.testTransitionDefinitionCreatedFromOptionsGetsDefaults
Chrome 33.0.1750.152 Mac OS [PASSED] OptionsTransitionDefinition.testConfigOverridesDefaults
Chrome 33.0.1750.152 Mac OS [PASSED] OptionsTransitionDefinition.testOptionsOverridesConfig
Chrome 33.0.1750.152 Mac OS [PASSED] PropertyMap.testSniffPrefix
Chrome 33.0.1750.152 Mac OS [PASSED] PropertyMap.testPropertiesPrefixedAndAppliedToMap
Chrome 33.0.1750.152 Mac OS [PASSED] PropertyMap.testCorrectCallbackEventsRegistered
Chrome 33.0.1750.152 Mac OS [PASSED] SkipAnimTransitionDefinition.testTransitionDefinitionCreatedFromEmptyTDIsEmpty
Chrome 33.0.1750.152 Mac OS [PASSED] SkipAnimTransitionDefinition.testSkipAnimTransitionDefinitionGetsPropertiesFromTD
Chrome 33.0.1750.152 Mac OS [PASSED] SkipAnimTransitionDefinition.testDefaultSkipAnimTransitionDefinitionReturnsZeroDuration
Chrome 33.0.1750.152 Mac OS [PASSED] SkipAnimTransitionDefinition.testDefaultSkipAnimTransitionDefinitionReturnsAllDurationsZero
Chrome 33.0.1750.152 Mac OS [PASSED] SkipAnimTransitionDefinition.testDefaultSkipAnimTransitionDefinitionUnaffectedBySettingDuration
Chrome 33.0.1750.152 Mac OS [PASSED] SkipAnimTransitionDefinition.testOtherPropertiesCopied
Chrome 33.0.1750.152 Mac OS [PASSED] SkipAnimTransitionDefinition.testPropertiesCopiedByValue
Chrome 33.0.1750.152 Mac OS [PASSED] StringHelpers.testCsvSplitOnNonParenthesisedCommas
Chrome 33.0.1750.152 Mac OS [PASSED] StringHelpers.testStripWhiteSpace
Chrome 33.0.1750.152 Mac OS [PASSED] StringHelpers.testCsvAppend
Chrome 33.0.1750.152 Mac OS [PASSED] StringHelpers.testCsvBuildFromArray
Chrome 33.0.1750.152 Mac OS [PASSED] Transition.testTransitionSetToCompleteAfterEnd
Chrome 33.0.1750.152 Mac OS [PASSED] Transition.testTransitionRemovedAfterCompletion
Chrome 33.0.1750.152 Mac OS [PASSED] Transition.testTransitionFromValuesSetOnElement
Chrome 33.0.1750.152 Mac OS [PASSED] Transition.testTransitionToValuesSetOnElement
Chrome 33.0.1750.152 Mac OS [PASSED] Transition.testTransitionToValuesSetOnElementAfterFromValues
Chrome 33.0.1750.152 Mac OS [PASSED] Transition.testUpdateForcedBetweenFromAndDefApplication
Chrome 33.0.1750.152 Mac OS [PASSED] Transition.testUpdateForcedBetweenDefApplicationAndFrom
Chrome 33.0.1750.152 Mac OS [PASSED] Transition.testCallingStopWithNoParamFiresCallbackAndSkipsToEnd
Chrome 33.0.1750.152 Mac OS [PASSED] Transition.testCallingStopWithSkipToEndFalseFiresCallbackAndSkipsToComputedValue
Chrome 33.0.1750.152 Mac OS [PASSED] Transition.testStopCalledOnSkippedTransition
Chrome 33.0.1750.152 Mac OS [PASSED] Transition.testStopCalledOnZeroDurationTransition
Chrome 33.0.1750.152 Mac OS [PASSED] Transition.testStopCalledOnChangelessTransition
Chrome 33.0.1750.152 Mac OS [PASSED] Transition.testEndFnChecksEventTarget
Chrome 33.0.1750.152 Mac OS [PASSED] TransitionDefinition.testHasProperty
Chrome 33.0.1750.152 Mac OS [PASSED] TransitionDefinition.testSetPropertyWithNoAttributes
Chrome 33.0.1750.152 Mac OS [PASSED] TransitionDefinition.testSetPropertyWithDuration
Chrome 33.0.1750.152 Mac OS [PASSED] TransitionDefinition.testSetPropertyWithDelay
Chrome 33.0.1750.152 Mac OS [PASSED] TransitionDefinition.testSetPropertyWithTimingFn
Chrome 33.0.1750.152 Mac OS [PASSED] TransitionDefinition.testSetPropertyWithAllAttributes
Chrome 33.0.1750.152 Mac OS [PASSED] TransitionDefinition.testGetPropertiesReturnsEmptyArrayOnNewObject
Chrome 33.0.1750.152 Mac OS [PASSED] TransitionDefinition.testGetPropertiesReturnsAddedProperyInArray
Chrome 33.0.1750.152 Mac OS [PASSED] TransitionDefinition.testGetPropertiesReturnsArrayOfAddedProperties
Chrome 33.0.1750.152 Mac OS [PASSED] TransitionDefinition.testRemovePropertyFromEnd
Chrome 33.0.1750.152 Mac OS [PASSED] TransitionDefinition.testRemovePropertyFromMiddle
Chrome 33.0.1750.152 Mac OS [PASSED] TransitionDefinition.testRemovePropertyFromStart
Chrome 33.0.1750.152 Mac OS [PASSED] TransitionDefinition.testSetPropertyDuration
Chrome 33.0.1750.152 Mac OS [PASSED] TransitionDefinition.testSetPropertyDelay
Chrome 33.0.1750.152 Mac OS [PASSED] TransitionDefinition.testSetPropertyTimingFn
Chrome 33.0.1750.152 Mac OS [PASSED] TransitionDefinition.testSetPropertyDurationOnNonExistantPropertyCreatesProperty
Chrome 33.0.1750.152 Mac OS [PASSED] TransitionDefinition.testSetPropertyDelayOnNonExistantPropertyCreatesProperty
Chrome 33.0.1750.152 Mac OS [PASSED] TransitionDefinition.testSetPropertyTimingFnOnNonExistantPropertyCreatesProperty
Chrome 33.0.1750.152 Mac OS [PASSED] TransitionDefinition.testAddingDefinitionToAnotherAddsProperties

Chrome 33.0.1750.152 Mac OS [PASSED] TransitionDefinition.testAddingDefinitionToAnotherCopiesAttributes
Chrome 33.0.1750.152 Mac OS [PASSED] TransitionDefinition.testAddingDefinitionOverwritesDuplicateParameters
Chrome 33.0.1750.152 Mac OS [PASSED] TransitionDefinition.testTakeOutTransitionDefinitionRemovesParameters
Chrome 33.0.1750.152 Mac OS [PASSED] TransitionDefinition.testAllDurationsZeroReturnsTrueWhenEmpty
Chrome 33.0.1750.152 Mac OS [PASSED] TransitionDefinition.testAllDurationsZeroReturnsFalseWhenOneNotZero
Chrome 33.0.1750.152 Mac OS [PASSED] TransitionDefinition.testAllDurationsZeroReturnsFalseWhenAllNotZero
Chrome 33.0.1750.152 Mac OS [PASSED] TransitionDefinition.testAllDurationsZeroReturnsTrueWhenOnePropertyAndPropertyIsZero
Chrome 33.0.1750.152 Mac OS [PASSED] TransitionDefinition.testAllDurationsZeroReturnsTrueWhenMultiplePropertiesAllHaveZeroDuration
Chrome 33.0.1750.152 Mac OS [PASSED] TransitionElement.testElementsPropertiesReturnedAsArray
Chrome 33.0.1750.152 Mac OS [PASSED] TransitionElement.testElementsDurationsReturnedAsMsArray
Chrome 33.0.1750.152 Mac OS [PASSED] TransitionElement.testElementsTimingFunctionsReturnedAsArray
Chrome 33.0.1750.152 Mac OS [PASSED] TransitionElement.testElementsDelaysReturnedAsArray
Chrome 33.0.1750.152 Mac OS [PASSED] TransitionElement.testTransisitonDefinitionApplied
Chrome 33.0.1750.152 Mac OS [PASSED] TransitionElement.testSetCallbackAddsFnsAsEventListeners
Chrome 33.0.1750.152 Mac OS [PASSED] TransitionElement.testRemoveCallbackRemovesEventListeners
Chrome 33.0.1750.152 Mac OS [PASSED] TransitionElement.testForceUpdateCallsGetComputedStyle
Chrome 33.0.1750.152 Mac OS [PASSED] TransitionElement.testGetStylePropertyValueReturnsValue
Chrome 33.0.1750.152 Mac OS [PASSED] TransitionElement.testGetStylePropertyOfUndefined
Chrome 33.0.1750.152 Mac OS [PASSED] TransitionElement.testSetStyleProperty
Chrome 33.0.1750.152 Mac OS [PASSED] TransitionElement.testIsEventOnElementTrueWhenElementTargetMatches
Chrome 33.0.1750.152 Mac OS [PASSED] TransitionElement.testIsEventOnElementFalseWhenElementTargetDoesNotMatch
Chrome 33.0.1750.152 Mac OS [PASSED] TransitionEndPoints.testNewEndPointsIsEmpty
Chrome 33.0.1750.152 Mac OS [PASSED] TransitionEndPoints.testConstructorWithOptionsCallsSetFromOptions
Chrome 33.0.1750.152 Mac OS [PASSED] TransitionEndPoints.testSetFromOptionsSetsParameters
Chrome 33.0.1750.152 Mac OS [PASSED] TransitionEndPoints.testGetPropertyDestinationGetsSetTo
Chrome 33.0.1750.152 Mac OS [PASSED] TransitionEndPoints.testGetPropertyDestinationGetsUndefinedOnAbsentParam
Chrome 33.0.1750.152 Mac OS [PASSED] TransitionEndPoints.testGetPropertyOriginGetsUndefinedOnAbsentParam
Chrome 33.0.1750.152 Mac OS [PASSED] TransitionEndPoints.testGetPropertyOriginGetsSetFromValue
Chrome 33.0.1750.152 Mac OS [PASSED] TransitionEndPoints.testSetFromOptionsSetsOnComplete
Chrome 33.0.1750.152 Mac OS [PASSED] TransitionEndPoints.testUnitsSetFromOptions
Chrome 33.0.1750.152 Mac OS [PASSED] TransitionEndPoints.testSuppliedUnitsOverrideOptions
Chrome 33.0.1750.152 Mac OS [PASSED] TransitionEndPoints.testUnitsFallBackToDefaults
Chrome 33.0.1750.152 Mac OS [PASSED] TransitionEndPoints.testNoDefaultMeansNoPostfix
Chrome 33.0.1750.152 Mac OS [PASSED] TransitionEndPoints.testToAndFromAllEqualTrueWhenEqual
Chrome 33.0.1750.152 Mac OS [PASSED] TransitionEndPoints.testToAndFromAllEqualFailsWhenNotEqual
Chrome 33.0.1750.152 Mac OS [PASSED] TransitionEndPoints.testToAndFromAllEqualFailsWhenNotAllParamsHaveFrom
Chrome 33.0.1750.152 Mac OS [PASSED] TransitionEndPoints.testShouldSkipIsTrueWhenNoChange
Chrome 33.0.1750.152 Mac OS [PASSED] TransitionEndPoints.testShouldSkipIsTrueWhenSkipAnimSet
Chrome 33.0.1750.152 Mac OS [PASSED] TransitionEndPoints.testShouldSkipIsFalseWhenChangeAndNoSkipAnim
Chrome 33.0.1750.152 Mac OS [PASSED] TransitionEndPoints.testOriginsCompletedUsingElement
Chrome 33.0.1750.152 Mac OS [PASSED] TransitionEndPoints.testOriginsNotSetFromElementWhenNoDestination
Chrome 33.0.1750.152 Mac OS [PASSED] TransitionEndPoints.testOriginNotOverridenByElement
Chrome 33.0.1750.152 Mac OS [PASSED] Animation_NoAnim.testScrollElementTo
Chrome 33.0.1750.152 Mac OS [PASSED] Animation_NoAnim.testMoveElementTo
Chrome 33.0.1750.152 Mac OS [PASSED] Animation_NoAnim.testHideElement
Chrome 33.0.1750.152 Mac OS [PASSED] Animation_NoAnim.testShowElement
Chrome 33.0.1750.152 Mac OS [PASSED] Animation_NoAnim.testIsAnimationDisabled
Chrome 33.0.1750.152 Mac OS [PASSED] Animation_NoAnim.testTweenElementStyleSetsEnd
Chrome 33.0.1750.152 Mac OS [PASSED] Animation_NoAnim.testTweenElementStyleSetsUnits
Chrome 33.0.1750.152 Mac OS [PASSED] Animation_NoAnim.testTweenElementFiresCallback
Chrome 33.0.1750.152 Mac OS [PASSED] Animation_NoAnim.testMoveElementToZeroFiresCallbackWhenStylePropertiesNotYetSet
Chrome 33.0.1750.152 Mac OS [PASSED] StyleTopLeftAnimation.testScrollElementToWithAnim
Chrome 33.0.1750.152 Mac OS [PASSED] StyleTopLeftAnimation.testScrollElementToWithAnimNoMovement
Chrome 33.0.1750.152 Mac OS [PASSED] StyleTopLeftAnimation.testScrollElementToWithNoAnim
Chrome 33.0.1750.152 Mac OS [PASSED] StyleTopLeftAnimation.testScrollElementToWithNoAnimInConfig
Chrome 33.0.1750.152 Mac OS [PASSED] StyleTopLeftAnimation.testMoveElementToWithAnim
Chrome 33.0.1750.152 Mac OS [PASSED] StyleTopLeftAnimation.testMoveElementToWithAnimAndNoDefaultValues
Chrome 33.0.1750.152 Mac OS [PASSED] StyleTopLeftAnimation.testHideElementWithAnimAndNoDefaultOpacity
Chrome 33.0.1750.152 Mac OS [PASSED] StyleTopLeftAnimation.testShowAndHideElementToWithAnimAndNoDefaultOpacity
Chrome 33.0.1750.152 Mac OS [PASSED] StyleTopLeftAnimation.testMoveElementToWithNoLeftValue
Chrome 33.0.1750.152 Mac OS [PASSED] StyleTopLeftAnimation.testMoveElementToWithNoTopValue
Chrome 33.0.1750.152 Mac OS [PASSED] StyleTopLeftAnimation.testMoveElementToWithAnimNoMovement
Chrome 33.0.1750.152 Mac OS [FAILED] StyleTopLeftAnimation.testMoveElementToWithNoAnim
Chrome 33.0.1750.152 Mac OS [FAILED] StyleTopLeftAnimation.testMoveElementToWithNoAnimInConfig
Chrome 33.0.1750.152 Mac OS [PASSED] StyleTopLeftAnimation.testHideElementWithAnim
Chrome 33.0.1750.152 Mac OS [FAILED] StyleTopLeftAnimation.testHideElementWithNoAnim
Chrome 33.0.1750.152 Mac OS [FAILED] StyleTopLeftAnimation.testHideElementWithNoAnimInConfig
Chrome 33.0.1750.152 Mac OS [PASSED] StyleTopLeftAnimation.testShowElementWithAnim
Chrome 33.0.1750.152 Mac OS [FAILED] StyleTopLeftAnimation.testShowElementWithNoAnim
Chrome 33.0.1750.152 Mac OS [FAILED] StyleTopLeftAnimation.testShowElementWithNoAnimInConfig

Chrome 33.0.1750.152 Mac OS [PASSED] StyleTopLeftAnimation.testSpecificShowAnimationPropertiesPassedToTween
Chrome 33.0.1750.152 Mac OS [PASSED] StyleTopLeftAnimation.testSpecificHideAnimationPropertiesPassedToTween
Chrome 33.0.1750.152 Mac OS [PASSED] StyleTopLeftAnimation.testDefaultShowAnimationPropertiesPassedToTween
Chrome 33.0.1750.152 Mac OS [PASSED] StyleTopLeftAnimation.testDefaultHideAnimationPropertiesPassedToTween
Chrome 33.0.1750.152 Mac OS [PASSED] StyleTopLeftAnimation.testConfigurationShowAnimationPropertiesPassedToTween
Chrome 33.0.1750.152 Mac OS [PASSED] StyleTopLeftAnimation.testConfigurationHideAnimationPropertiesPassedToTween
Chrome 33.0.1750.152 Mac OS [PASSED] StyleTopLeftAnimation.testNoSideEffectsMoveElementTo
Chrome 33.0.1750.152 Mac OS [PASSED] StyleTopLeftAnimation.testNoSideEffectsScrollElementTo
Chrome 33.0.1750.152 Mac OS [PASSED] StyleTopLeftAnimation.testNoSideEffectsShowElement
Chrome 33.0.1750.152 Mac OS [PASSED] StyleTopLeftAnimation.testNoSideEffectsHideElement
Chrome 33.0.1750.152 Mac OS [PASSED] StyleTopLeftAnimation.testTweenElementStyleFiresOnCompleteWhenSkipped
Chrome 33.0.1750.152 Mac OS [PASSED] StyleTopLeftAnimation.testTweenElementStyleFiresOnCompleteWhenNoChange
Chrome 33.0.1750.152 Mac OS [PASSED] StyleTopLeftAnimation.testFromValuesSetInTweenElementStyle
Chrome 33.0.1750.152 Mac OS [PASSED] StyleTopLeftAnimation.testToValuesReachedAfterTweenElementStyle
Chrome 33.0.1750.152 Mac OS [PASSED] StyleTopLeftAnimation.testTweenElementStyleEqualEndpointsReturnNull
Chrome 33.0.1750.152 Mac OS [PASSED] StyleTopLeftAnimation.testTweenElementStyleRespectsSkipAnim
Chrome 33.0.1750.152 Mac OS [PASSED] StyleTopLeftAnimation.testTweenElementStyleRespectsGlobalAnimDisable
Chrome 33.0.1750.152 Mac OS [PASSED] StyleTopLeftAnimation.testTweenElementStyleSetsUnits
Chrome 33.0.1750.152 Mac OS [PASSED] StyleTopLeftAnimation.testAnimationsDoNotInterleaveMoveElementTo
Chrome 33.0.1750.152 Mac OS [PASSED] StyleTopLeftAnimation.testMoveElementJumpsImmediatelyToEndWhenCancelled
Chrome 33.0.1750.152 Mac OS [PASSED] Animation_Tween.testTween
Chrome 33.0.1750.152 Mac OS [PASSED] Animation_Tween.testTweenClasses
Chrome 33.0.1750.152 Mac OS [PASSED] Abstract Base Broadcast Source.testCreateBroadcastThrowsDeviceException
Chrome 33.0.1750.152 Mac OS [PASSED] Abstract Base Broadcast Source.testBaseBroadcastSourceInitThrowsException
Chrome 33.0.1750.152 Mac OS [PASSED] Abstract Base Broadcast Source.testBaseBroadcastSourceShowCurrentChannelThrowsExceptionWhenNotOverridden
Chrome 33.0.1750.152 Mac OS [PASSED] Abstract Base Broadcast Source.testBaseBroadcastSourceStopCurrentChannelThrowsExceptionWhenNotOverridden
Chrome 33.0.1750.152 Mac OS [PASSED] Abstract Base Broadcast Source.testBaseBroadcastSourceGetCurrentChannelNameThrowsExceptionWhenNotOverridden
Chrome 33.0.1750.152 Mac OS [PASSED] Abstract Base Broadcast Source.testBaseBroadcastSourceSetPositionThrowsExceptionWhenNotOverridden
Chrome 33.0.1750.152 Mac OS [PASSED] Abstract Base Broadcast Source.testBaseBroadcastSourceDestroyThrowsExceptionWhenNotOverridden
Chrome 33.0.1750.152 Mac OS [PASSED] Abstract Base Broadcast Source.testBaseBroadcastSourceGetPlayStateThrowsExceptionWhenNotOverridden
Chrome 33.0.1750.152 Mac OS [PASSED] Abstract Base Broadcast Source.testBaseBroadcastSourceIsBroadcastSourceSupportedReturnsTrue
Chrome 33.0.1750.152 Mac OS [PASSED] HBBTV Broadcast Source.testCreateBroadcastSourceReturnsHBBTVObject
Chrome 33.0.1750.152 Mac OS [PASSED] HBBTV Broadcast Source.testCreateBroadcastSourceReturnsSingletonHBBTVObject
Chrome 33.0.1750.152 Mac OS [PASSED] HBBTV Broadcast Source.testCreateBroadcastWhenHbbTvApiIsNotAvailableThrowsException
Chrome 33.0.1750.152 Mac OS [PASSED] HBBTV Broadcast Source.testIsBroadcastSourceSupportedWhenHistorianDoesNotHaveBroadcastOriginReturnsFalse
Chrome 33.0.1750.152 Mac OS [PASSED] HBBTV Broadcast Source.testIsBroadcastSourceSupportedWhenHistorianHasBroadcastOriginReturnsTrue
Chrome 33.0.1750.152 Mac OS [PASSED] HBBTV Broadcast Source.testShowCurrentChannelSetsTheBroadcastToFullScreenAt720p
Chrome 33.0.1750.152 Mac OS [PASSED] HBBTV Broadcast Source.testShowCurrentChannelSetsTheBroadcastToFullScreenAt1080p
Chrome 33.0.1750.152 Mac OS [PASSED] HBBTV Broadcast Source.testSetPositionWithOffsetSetsTheCorrectCSSProperties
Chrome 33.0.1750.152 Mac OS [PASSED] HBBTV Broadcast Source.testShowCurrentChannelCallsHBBTVbindToCurrentChannel
Chrome 33.0.1750.152 Mac OS [PASSED] HBBTV Broadcast Source.testStopCurrentChannelCallsHBBTVStop
Chrome 33.0.1750.152 Mac OS [PASSED] HBBTV Broadcast Source.testStopCurrentChannelThrowsExceptionIfPlayStateIsUnrealizedAndBindToCurrentChannelThrowsException
Chrome 33.0.1750.152 Mac OS [PASSED] HBBTV Broadcast Source.testStopCurrentChannelCallsBindWhenUnrealized
Chrome 33.0.1750.152 Mac OS [PASSED] HBBTV Broadcast Source.testStopCurrentChannelDoesNotCallBindWhenNotUnrealized
Chrome 33.0.1750.152 Mac OS [PASSED] HBBTV Broadcast Source.testgetCurrentChannelNameGetsTheHBBTVCurrentChannelProperty
Chrome 33.0.1750.152 Mac OS [PASSED] HBBTV Broadcast Source.testgetCurrentChannelNameThrowsExceptionWhenHBBTVCurrentChannelObjectIsNull
Chrome 33.0.1750.152 Mac OS [PASSED] HBBTV Broadcast Source.testgetCurrentChannelNameThrowsExceptionWhenHBBTVCurrentChannelNamePropertyIsNull
Chrome 33.0.1750.152 Mac OS [PASSED] HBBTV Broadcast Source.testgetCurrentChannelNameThrowsExceptionWhenHBBTVCurrentChannelNamePropertyIsUndefined
Chrome 33.0.1750.152 Mac OS [PASSED] HBBTV Broadcast Source.testGetPlayStateReturnsHBBTVPlayStateProperty
Chrome 33.0.1750.152 Mac OS [PASSED] HBBTV Broadcast Source.testSetChannelConstructsCorrectHbbtvChannelObject
Chrome 33.0.1750.152 Mac OS [PASSED] HBBTV Broadcast Source.testSetChannelCallsHBBTVSetChannelWithCorrectArgs
Chrome 33.0.1750.152 Mac OS [PASSED] HBBTV Broadcast Source.testSetChannelFallsBackToDVBT
Chrome 33.0.1750.152 Mac OS [PASSED] HBBTV Broadcast Source.testChannelChangeSucceededCallbackIsAdded
Chrome 33.0.1750.152 Mac OS [PASSED] HBBTV Broadcast Source.testChannelChangeErrorCallbackIsAdded
Chrome 33.0.1750.152 Mac OS [PASSED] HBBTV Broadcast Source.testOnSuccessCallbackIsFiredWhenChannelChangeSucceededEventIsRaised
Chrome 33.0.1750.152 Mac OS [PASSED] HBBTV Broadcast Source.testOnErrorCallbackIsFiredWhenChannelChangeErrorEventIsRaised
Chrome 33.0.1750.152 Mac OS [PASSED] HBBTV Broadcast Source.testOnErrorCallbackIsFiredWhenCreateChannelObjectFails
Chrome 33.0.1750.152 Mac OS [PASSED] HBBTV Broadcast Source.testOnErrorCallbackIsFiredIfChannelListCanNotBeAccessed
Chrome 33.0.1750.152 Mac OS [PASSED] HBBTV Broadcast Source.testOnErrorCallbackIsFiredIfChannelListContainsNoChannels
Chrome 33.0.1750.152 Mac OS [PASSED] Samsung Broadcast Source.testCreateBroadcastSourceReturnsSamsungSourceObject
Chrome 33.0.1750.152 Mac OS [PASSED] Samsung Broadcast Source.testCreateBroadcastSourceReturnsSingletonSamsungSourceObject
Chrome 33.0.1750.152 Mac OS [PASSED] Samsung Broadcast Source.testCreateBroadcastWhenSamsungBroadcastApiIsNotAvailableThrowsException
Chrome 33.0.1750.152 Mac OS [PASSED] Samsung Broadcast Source.testCreateBroadcastSourceSetsTheBroadcastToFullScreenAt720p
Chrome 33.0.1750.152 Mac OS [PASSED] Samsung Broadcast Source.testCreateBroadcastSourceSetsTheBroadcastToFullScreenAt1080p
Chrome 33.0.1750.152 Mac OS [PASSED] Samsung Broadcast Source.testSetPositionWithOffsetSetsTheCorrectCSSProperties
Chrome 33.0.1750.152 Mac OS [PASSED] Samsung Broadcast Source.testShowCurrentChannelCallsSamsungSetSourceWithCorrectSourceId
Chrome 33.0.1750.152 Mac OS [PASSED] Samsung Broadcast Source.testStopCurrentChannelCallsSamsungSetSourceWithCorrectSourceId
Chrome 33.0.1750.152 Mac OS [PASSED] Samsung Broadcast Source.testgetCurrentChannelNameGetsTheCurrentlyTunedChannel
Chrome 33.0.1750.152 Mac OS [PASSED] Samsung Broadcast Source.testgetCurrentChannelNameThrowsExceptionWhenSamsungBroadcastApiReturnsMinus1
Chrome 33.0.1750.152 Mac OS [PASSED] Samsung Broadcast Source.testDestroyResetsTheScreenSettings

Chrome 33.0.1750.152 Mac OS [PASSED] BrowserDevice.testInterface
Chrome 33.0.1750.152 Mac OS [PASSED] BrowserDevice.testArrayIndexOf
Chrome 33.0.1750.152 Mac OS [PASSED] BrowserDevice.testcreateContainer
Chrome 33.0.1750.152 Mac OS [PASSED] BrowserDevice.testcreateContainerID
Chrome 33.0.1750.152 Mac OS [PASSED] BrowserDevice.testcreateContainerClasses
Chrome 33.0.1750.152 Mac OS [PASSED] BrowserDevice.testcreateLabel
Chrome 33.0.1750.152 Mac OS [PASSED] BrowserDevice.testcreateLabelID
Chrome 33.0.1750.152 Mac OS [PASSED] BrowserDevice.testcreateLabelClasses
Chrome 33.0.1750.152 Mac OS [PASSED] BrowserDevice.testcreateButton
Chrome 33.0.1750.152 Mac OS [PASSED] BrowserDevice.testcreateButtonID
Chrome 33.0.1750.152 Mac OS [PASSED] BrowserDevice.testcreateButtonClasses
Chrome 33.0.1750.152 Mac OS [PASSED] BrowserDevice.testcreateList
Chrome 33.0.1750.152 Mac OS [PASSED] BrowserDevice.testcreateListID
Chrome 33.0.1750.152 Mac OS [PASSED] BrowserDevice.testcreateListClasses
Chrome 33.0.1750.152 Mac OS [PASSED] BrowserDevice.testcreateListItem
Chrome 33.0.1750.152 Mac OS [PASSED] BrowserDevice.testcreateListItemID
Chrome 33.0.1750.152 Mac OS [PASSED] BrowserDevice.testcreateListItemClasses
Chrome 33.0.1750.152 Mac OS [PASSED] BrowserDevice.testcreateImage
Chrome 33.0.1750.152 Mac OS [PASSED] BrowserDevice.testcreateImageID
Chrome 33.0.1750.152 Mac OS [PASSED] BrowserDevice.testcreateImageClasses
Chrome 33.0.1750.152 Mac OS [PASSED] BrowserDevice.testCreateLabelText
Chrome 33.0.1750.152 Mac OS [PASSED] BrowserDevice.testCreateImageSize
Chrome 33.0.1750.152 Mac OS [PASSED] BrowserDevice.testCreateImageURL
Chrome 33.0.1750.152 Mac OS [PASSED] BrowserDevice.testCreateImageAltText
Chrome 33.0.1750.152 Mac OS [PASSED] BrowserDevice.testCreateImageOnLoad
Chrome 33.0.1750.152 Mac OS [PASSED] BrowserDevice.testCreateImageOnError
Chrome 33.0.1750.152 Mac OS [PASSED] BrowserDevice.testGetStylesheetElements
Chrome 33.0.1750.152 Mac OS [FAILED] BrowserDevice.testLoadStyleSheet
Chrome 33.0.1750.152 Mac OS [PASSED] BrowserDevice.testLoadStyleSheetWithCallback
Chrome 33.0.1750.152 Mac OS [PASSED] BrowserDevice.testAppendChildElement
Chrome 33.0.1750.152 Mac OS [PASSED] BrowserDevice.testAppendChildElementWhenElementAlreadyInDOM
Chrome 33.0.1750.152 Mac OS [PASSED] BrowserDevice.testPrependChildElement
Chrome 33.0.1750.152 Mac OS [PASSED] BrowserDevice.testPrependChildElementWhenElementAlreadyInDOM
Chrome 33.0.1750.152 Mac OS [PASSED] BrowserDevice.testInsertChildElementBefore
Chrome 33.0.1750.152 Mac OS [PASSED] BrowserDevice.testInsertChildElementAtBeginning
Chrome 33.0.1750.152 Mac OS [PASSED] BrowserDevice.testInsertChildElementAtEnd
Chrome 33.0.1750.152 Mac OS [PASSED] BrowserDevice.testGetElementParent
Chrome 33.0.1750.152 Mac OS [PASSED] BrowserDevice.testRemoveElement
Chrome 33.0.1750.152 Mac OS [PASSED] BrowserDevice.testClearElement
Chrome 33.0.1750.152 Mac OS [PASSED] BrowserDevice.testSetElementClasses
Chrome 33.0.1750.152 Mac OS [PASSED] BrowserDevice.testSetRemoveClassFromElement
Chrome 33.0.1750.152 Mac OS [PASSED] BrowserDevice.testSetRemoveClassFromElementDeepFalse
Chrome 33.0.1750.152 Mac OS [PASSED] BrowserDevice.testSetRemoveClassFromElementDeepTrue
Chrome 33.0.1750.152 Mac OS [PASSED] BrowserDevice.testAddClassToElement
Chrome 33.0.1750.152 Mac OS [PASSED] BrowserDevice.testAddKeyEventListener
Chrome 33.0.1750.152 Mac OS [PASSED] BrowserDevice.testGetElementSize
Chrome 33.0.1750.152 Mac OS [PASSED] BrowserDevice.testSetElementSize
Chrome 33.0.1750.152 Mac OS [PASSED] BrowserDevice.testSetElementPosition
Chrome 33.0.1750.152 Mac OS [PASSED] BrowserDevice.testGetElementOffset
Chrome 33.0.1750.152 Mac OS [PASSED] BrowserDevice.testSetElementContent
Chrome 33.0.1750.152 Mac OS [PASSED] BrowserDevice.testCloneElement
Chrome 33.0.1750.152 Mac OS [PASSED] BrowserDevice.testCloneElementDeep
Chrome 33.0.1750.152 Mac OS [PASSED] BrowserDevice.testCloneElementAppendClass
Chrome 33.0.1750.152 Mac OS [PASSED] BrowserDevice.testCloneElementAppendID
Chrome 33.0.1750.152 Mac OS [PASSED] BrowserDevice.testGetTextHeight
Chrome 33.0.1750.152 Mac OS [PASSED] BrowserDevice.testGetChildElementsByTagName
Chrome 33.0.1750.152 Mac OS [PASSED] BrowserDevice.testGetTopLevelElement
Chrome 33.0.1750.152 Mac OS [PASSED] BrowserDevice.testGetScreenSize
Chrome 33.0.1750.152 Mac OS [PASSED] BrowserDevice.testGetCurrentRoute
Chrome 33.0.1750.152 Mac OS [PASSED] BrowserDevice.testGetCurrentRouteIgnoresHistory
Chrome 33.0.1750.152 Mac OS [PASSED] BrowserDevice.testSetCurrentRoutePreservesHistory
Chrome 33.0.1750.152 Mac OS [PASSED] BrowserDevice.testSetCurrentRouteWithNoHistory
Chrome 33.0.1750.152 Mac OS [PASSED] BrowserDevice.testSetCurrentRouteWithNoRouteButHistory
Chrome 33.0.1750.152 Mac OS [PASSED] BrowserDevice.testSetCurrentRouteWithNoRouteOrHistory
Chrome 33.0.1750.152 Mac OS [PASSED] BrowserDevice.testGetHistory
Chrome 33.0.1750.152 Mac OS [PASSED] BrowserDevice.testSetCurrentRoute
Chrome 33.0.1750.152 Mac OS [PASSED] BrowserDevice.testGetReferer
Chrome 33.0.1750.152 Mac OS [PASSED] BrowserDevice.testIsHDEnabled
Chrome 33.0.1750.152 Mac OS [PASSED] BrowserDevice.testPreloadImage
Chrome 33.0.1750.152 Mac OS [PASSED] BrowserDevice.testFirefox3OSXStyleLeftKeyTapBehaviourNormalisedCorrectly

Chrome 33.0.1750.152 Mac OS [PASSED] BrowserDevice.testPrevKey
Chrome 33.0.1750.152 Mac OS [PASSED] BrowserDevice.testNextKey
Chrome 33.0.1750.152 Mac OS [PASSED] BrowserDevice.testFirefox3OSXStyleLeftKeyHoldBehaviourNormalisedCorrectly
Chrome 33.0.1750.152 Mac OS [PASSED] BrowserDevice.testGetWindowLocation
Chrome 33.0.1750.152 Mac OS [PASSED] BrowserDevice.testGetWindowLocationHrefCorrection
Chrome 33.0.1750.152 Mac OS [PASSED] BrowserDevice.testGetWindowLocationHrefCorrectionNotOverzealous
Chrome 33.0.1750.152 Mac OS [PASSED] BrowserDevice.testSetWindowLocationUrl
Chrome 33.0.1750.152 Mac OS [PASSED] BrowserDevice.testSetWindowLocationUrlAlternative
Chrome 33.0.1750.152 Mac OS [PASSED] Device.testInterface
Chrome 33.0.1750.152 Mac OS [PASSED] Device.testIsBroadcastSourceAvailable
Chrome 33.0.1750.152 Mac OS [PASSED] Device.testCreateBroadcastSource
Chrome 33.0.1750.152 Mac OS [PASSED] Device.testLoad
Chrome 33.0.1750.152 Mac OS [PASSED] Device.testGetConfig
Chrome 33.0.1750.152 Mac OS [PASSED] Device.testExit
Chrome 33.0.1750.152 Mac OS [PASSED] Device.testExitToBroadcast
Chrome 33.0.1750.152 Mac OS [PASSED] Broadcast Exit (NetCast).testBroadcastNetCastExit
Chrome 33.0.1750.152 Mac OS [PASSED] Broadcast Exit (Samsung).testBroadcastSamsungExit
Chrome 33.0.1750.152 Mac OS [PASSED] ExitDestroyApplication.testGetOipfObjectFactory
Chrome 33.0.1750.152 Mac OS [PASSED] ExitDestroyApplication.testApplicationManagerNotSupported
Chrome 33.0.1750.152 Mac OS [PASSED] ExitDestroyApplication.testApplicationManagerSupported
Chrome 33.0.1750.152 Mac OS [PASSED] Exit_History.testExit
Chrome 33.0.1750.152 Mac OS [PASSED] Exit (NetCast).testNetCastExit
Chrome 33.0.1750.152 Mac OS [PASSED] ExitOpenCloseWindow.testWindowOpenCalled
Chrome 33.0.1750.152 Mac OS [PASSED] ExitOpenCloseWindow.testWindowOpenCalledWithCorrectParams
Chrome 33.0.1750.152 Mac OS [PASSED] ExitOpenCloseWindow.testWindowOpenThenCloseCalled
Chrome 33.0.1750.152 Mac OS [PASSED] Logging.testDefaultLog
Chrome 33.0.1750.152 Mac OS [PASSED] Logging.testDefaultDebug
Chrome 33.0.1750.152 Mac OS [PASSED] Logging.testDefaultInfo
Chrome 33.0.1750.152 Mac OS [PASSED] Logging.testDefaultWarn
Chrome 33.0.1750.152 Mac OS [PASSED] Logging.testDefaultError
Chrome 33.0.1750.152 Mac OS [PASSED] Logging.testLoggingLevelError
Chrome 33.0.1750.152 Mac OS [PASSED] Logging.testLoggingLevelWarn
Chrome 33.0.1750.152 Mac OS [PASSED] Logging.testLoggingLevelInfo
Chrome 33.0.1750.152 Mac OS [PASSED] Logging.testLoggingLevelDebug
Chrome 33.0.1750.152 Mac OS [PASSED] Logging.testLoggingLevelAll
Chrome 33.0.1750.152 Mac OS [PASSED] Logging.testLoggingLevelNone
Chrome 33.0.1750.152 Mac OS [PASSED] Logging.testLoggingSetAlert
Chrome 33.0.1750.152 Mac OS [PASSED] Logging.testLoggingSetConsume
Chrome 33.0.1750.152 Mac OS [PASSED] Logging.testLoggingSetJsTestDriver
Chrome 33.0.1750.152 Mac OS [PASSED] Logging.testLoggingSetOnScreen
Chrome 33.0.1750.152 Mac OS [PASSED] Logging.testLoggingSetXhr
Chrome 33.0.1750.152 Mac OS [PASSED] HTML5_Volume.testVolumeControlIsSupported
Chrome 33.0.1750.152 Mac OS [PASSED] HTML5_Volume.testDefaultStates
Chrome 33.0.1750.152 Mac OS [PASSED] HTML5_Volume.testPresetMutedStateTrueAppliedToNewPlayer
Chrome 33.0.1750.152 Mac OS [PASSED] HTML5_Volume.testPresetMutedStateFalseAppliedToNewPlayer
Chrome 33.0.1750.152 Mac OS [PASSED] HTML5_Volume.testPresetVolume0AppliedToNewPlayer
Chrome 33.0.1750.152 Mac OS [PASSED] HTML5_Volume.testPresetVolume05AppliedToNewPlayer
Chrome 33.0.1750.152 Mac OS [PASSED] HTML5_Volume.testPresetVolume10AppliedToNewPlayer
Chrome 33.0.1750.152 Mac OS [PASSED] HTML5_Volume.testPresetVolumeBelowMinIsClippedNewPlayer
Chrome 33.0.1750.152 Mac OS [PASSED] HTML5_Volume.testPresetVolumeBelowMinLogWarningLoggedNewPlayer
Chrome 33.0.1750.152 Mac OS [PASSED] HTML5_Volume.testPresetVolumeAboveMaxIsClippedNewPlayer
Chrome 33.0.1750.152 Mac OS [PASSED] HTML5_Volume.testPresetVolumeAboveMaxWarningLoggedNewPlayer
Chrome 33.0.1750.152 Mac OS [PASSED] HTML5_Volume.testPresetMutedStateTrueAppliedToExistingPlayer
Chrome 33.0.1750.152 Mac OS [PASSED] HTML5_Volume.testPresetMutedStateFalseAppliedToExistingPlayer
Chrome 33.0.1750.152 Mac OS [PASSED] HTML5_Volume.testPresetVolume0AppliedToExistingPlayer
Chrome 33.0.1750.152 Mac OS [PASSED] HTML5_Volume.testPresetVolume05AppliedToExistingPlayer
Chrome 33.0.1750.152 Mac OS [PASSED] HTML5_Volume.testPresetVolume10AppliedToExistingPlayer
Chrome 33.0.1750.152 Mac OS [PASSED] HTML5_Volume.testPresetVolumeBelowMinIsClippedExistingPlayer
Chrome 33.0.1750.152 Mac OS [PASSED] HTML5_Volume.testPresetVolumeBelowMinLogWarningLoggedExistingPlayer
Chrome 33.0.1750.152 Mac OS [PASSED] HTML5_Volume.testPresetVolumeAboveMaxIsClippedExistingPlayer
Chrome 33.0.1750.152 Mac OS [PASSED] HTML5_Volume.testPresetVolumeAboveMaxWarningLoggedExistingPlayer
Chrome 33.0.1750.152 Mac OS [PASSED] HTML5_WaitingEventFix.testWaitingEventIsFiredWhenNoTimeUpdateFiredWithinASecondAndVideoIsPlaying
Chrome 33.0.1750.152 Mac OS [PASSED] HTML5_WaitingEventFix.testWaitingEventIsNotFiredWhenNoTimeUpdateFiredWithinASecondAndVideoIsPaused
Chrome 33.0.1750.152 Mac OS [PASSED] HTML5_WaitingEventFix.testWaitingEventIsNotFiredWhenNoTimeUpdateFiredWithinASecondAndVideoIsStopped
Chrome 33.0.1750.152 Mac OS [PASSED] Devices.Media.SeekState.testSeekToGeneratesSeeking
Chrome 33.0.1750.152 Mac OS [PASSED] Devices.Media.SeekState.testSeekToSamePointDoesNotGeneratesSeeking
Chrome 33.0.1750.152 Mac OS [PASSED] Devices.Media.SeekState.testSeekThenPlayingGeneratesSeeked
Chrome 33.0.1750.152 Mac OS [PASSED] Network (Default).testLoadScriptWithTimedOutResponse
Chrome 33.0.1750.152 Mac OS [PASSED] Network (Default).testLoadScriptWithDefaultFiveSecondTimedOutResponse
Chrome 33.0.1750.152 Mac OS [PASSED] Network (Default).testLoadScriptWithSuccessResponse

Chrome 33.0.1750.152 Mac OS [PASSED] Network (Default).testLoadScriptMultipleRequestsWithDifferentSuffixes
Chrome 33.0.1750.152 Mac OS [PASSED] Network (Default).testLoadScriptMultipleRequestsWithSameSuffixThrowsError
Chrome 33.0.1750.152 Mac OS [PASSED] Network (Default).testLoadScriptSequentialRequestsWithSameSuffixAreAllowed
Chrome 33.0.1750.152 Mac OS [PASSED] Network (Default).testLoadScriptSubsequentRequestWithSameSuffixIsAllowedAfterTimeout
Chrome 33.0.1750.152 Mac OS [PASSED] Network (Default).testLoadAuthenticatedURL
Chrome 33.0.1750.152 Mac OS [PASSED] Network (Default).testLoadAuthenticatedURLError
Chrome 33.0.1750.152 Mac OS [PASSED] Network (Default).testLoadURL
Chrome 33.0.1750.152 Mac OS [PASSED] Network (Default).testLoadURLError
Chrome 33.0.1750.152 Mac OS [PASSED] Network (Default).testCrossDomainPost
Chrome 33.0.1750.152 Mac OS [PASSED] Network (Default).testCrossDomainPostEnsureTimeoutIsCancelledForSuccessfulSubmissions
Chrome 33.0.1750.152 Mac OS [PASSED] Network (Default).testExecuteCrossDomainGetParsesJsonResponseFromLoadUrlWhenCorsIsSupported
Chrome 33.0.1750.152 Mac OS [PASSED] Network (Default).testExecuteCrossDomainGetHandlesErrorFromLoadUrlWhenCorsIsSupported
Chrome 33.0.1750.152 Mac OS [PASSED] Network (Default).testExecuteCrossDomainGetDelegatesToLoadScriptWhenCorsIsNotSupported
Chrome 33.0.1750.152 Mac OS [PASSED] Network (Default).testExecuteCrossDomainDelegationToLoadScriptWhenCorsIsNotSupportedAllowsCallbackNameChange
Chrome 33.0.1750.152 Mac OS [PASSED] Network (Default).testExecuteCrossDomainDelegationToLoadScriptWhenCorsIsNotSupportedRespectsExistingQueryParameters
Chrome 33.0.1750.152 Mac OS [PASSED] Network (Default).testExecuteCrossDomainPostCallsLoadUrlWithJsonPayloadWhenCorsIsSupported
Chrome 33.0.1750.152 Mac OS [PASSED] Network (Default).testExecuteCrossDomainPostCallsCrossDomainPostWhenCorsIsNotSupported
Chrome 33.0.1750.152 Mac OS [PASSED] Storage_Cookie.testNamespaceRecoverable
Chrome 33.0.1750.152 Mac OS [PASSED] Storage_Cookie.testStringRecoverable
Chrome 33.0.1750.152 Mac OS [PASSED] Storage_Cookie.testObjectRecoverable
Chrome 33.0.1750.152 Mac OS [PASSED] Storage_Cookie.testNamespaceIsolated
Chrome 33.0.1750.152 Mac OS [PASSED] Storage_Cookie.testValueIsolated
Chrome 33.0.1750.152 Mac OS [PASSED] Storage_Cookie.testRemoveItem
Chrome 33.0.1750.152 Mac OS [PASSED] Storage_Cookie.testRemoveItemIsolated
Chrome 33.0.1750.152 Mac OS [PASSED] Storage_Cookie.testCookiesAreRead
Chrome 33.0.1750.152 Mac OS [PASSED] Storage_Cookie.testCookiesAreSet
Chrome 33.0.1750.152 Mac OS [PASSED] Storage_Session.testNamespaceRecoverable
Chrome 33.0.1750.152 Mac OS [PASSED] Storage_Session.testStringRecoverable
Chrome 33.0.1750.152 Mac OS [PASSED] Storage_Session.testObjectRecoverable
Chrome 33.0.1750.152 Mac OS [PASSED] Storage_Session.testNamespaceIsolated
Chrome 33.0.1750.152 Mac OS [PASSED] Storage_Session.testValueIsolated
Chrome 33.0.1750.152 Mac OS [PASSED] Storage_Session.testRemoveItem
Chrome 33.0.1750.152 Mac OS [PASSED] Storage_Session.testRemoveItemIsolated
Chrome 33.0.1750.152 Mac OS [PASSED] Formatter.testInterface
Chrome 33.0.1750.152 Mac OS [PASSED] Formatter.testConstructorAcceptsEmptyArguments
Chrome 33.0.1750.152 Mac OS [PASSED] Formatter.testNonOverriddenFormatThrowsException
Chrome 33.0.1750.152 Mac OS [PASSED] Historian.testSingleHistoryReturned
Chrome 33.0.1750.152 Mac OS [PASSED] Historian.testNoHistoryReturnsEmptyString
Chrome 33.0.1750.152 Mac OS [PASSED] Historian.testFirstOfTwoHistoriesReturned
Chrome 33.0.1750.152 Mac OS [PASSED] Historian.testCurrentRouteNotInHistory
Chrome 33.0.1750.152 Mac OS [PASSED] Historian.testRouteInHistoryPreserved
Chrome 33.0.1750.152 Mac OS [PASSED] Historian.testConvolutedRouteAndHistoryBack
Chrome 33.0.1750.152 Mac OS [PASSED] Historian.testConvolutedRouteAndHistoryForward
Chrome 33.0.1750.152 Mac OS [PASSED] Historian.testForwardUrl
Chrome 33.0.1750.152 Mac OS [PASSED] Historian.testForwardUrlWithDestinationRoute
Chrome 33.0.1750.152 Mac OS [PASSED] Historian.testForwardUrlWithSourceRoute
Chrome 33.0.1750.152 Mac OS [PASSED] Historian.testForwardUrlWithSourceAndDestinationRoutes
Chrome 33.0.1750.152 Mac OS [PASSED] Historian.testForwardUrlWithNoHistory
Chrome 33.0.1750.152 Mac OS [PASSED] Historian.testToStringReturnsOnlyHistory
Chrome 33.0.1750.152 Mac OS [PASSED] Historian.testReallyLongHistoryIsTrimmedOnForwardNavigation
Chrome 33.0.1750.152 Mac OS [PASSED] Historian.testHasHistoryReturnsFalseWithNoHistory
Chrome 33.0.1750.152 Mac OS [PASSED] Historian.testHasHistoryReturnsTrueWithUrlHistory
Chrome 33.0.1750.152 Mac OS [PASSED] Historian.testHasHistoryReturnsFalseWithOnlyBroadcastHistory
Chrome 33.0.1750.152 Mac OS [PASSED] Historian.testHasHistoryReturnsTrueWithRealHistoryPlusBroadcastHistory
Chrome 33.0.1750.152 Mac OS [PASSED] Historian.testBroadcastOriginSetTrueWithUrlAndBroadcast
Chrome 33.0.1750.152 Mac OS [PASSED] Historian.testBroadcastOriginSetTrueWithJustBroadcast
Chrome 33.0.1750.152 Mac OS [PASSED] Historian.testBroadcastOriginSetFalse
Chrome 33.0.1750.152 Mac OS [PASSED] Iterator.testClassDefinition
Chrome 33.0.1750.152 Mac OS [PASSED] Iterator.testConstructionWithArray
Chrome 33.0.1750.152 Mac OS [PASSED] Iterator.testConstructionWithArrayNoArray
Chrome 33.0.1750.152 Mac OS [PASSED] Iterator.testNextReturnsExpectedItems
Chrome 33.0.1750.152 Mac OS [PASSED] Iterator.testIsEmptyReturnsFalseWhenIteratorHasFurtherItems
Chrome 33.0.1750.152 Mac OS [PASSED] Iterator.testIsEmptyReturnsTrueWhenIteratorIsEmpty
Chrome 33.0.1750.152 Mac OS [PASSED] Iterator.testNextReturnsUndefinedWhenEmpty
Chrome 33.0.1750.152 Mac OS [PASSED] Iterator.testGetPointer
Chrome 33.0.1750.152 Mac OS [PASSED] Iterator.testReset
Chrome 33.0.1750.152 Mac OS [PASSED] Configuration override API.testAddingSingleElementToConfiguration
Chrome 33.0.1750.152 Mac OS [PASSED] Configuration override API.testAddingMultipleElementsToConfiguration
Chrome 33.0.1750.152 Mac OS [PASSED] Configuration override API.testOverridingASingleItemInTheConfigurationDoesntLoseAllTheChildren
Chrome 33.0.1750.152 Mac OS [PASSED] Configuration override API.testOverridingASingleItemWithDifferentlyNestedChildrenDoesNotBreak

Chrome 33.0.1750.152 Mac OS [PASSED] MediaSource.testInterface
Chrome 33.0.1750.152 Mac OS [PASSED] MediaSource.testConstructor
Chrome 33.0.1750.152 Mac OS [PASSED] MediaSource.testIsEqualReturnsTrueWhenSourcesAreEqual
Chrome 33.0.1750.152 Mac OS [PASSED] MediaSource.testIsEqualReturnsFalseWhenURLsDiffer
Chrome 33.0.1750.152 Mac OS [PASSED] MediaSource.testIsEqualReturnsFalseWhenTypesDiffer
Chrome 33.0.1750.152 Mac OS [PASSED] MediaSource.testIsEqualReturnsFalseWhenURLsAndTypesDiffer
Chrome 33.0.1750.152 Mac OS [PASSED] MediaSource.testGetContentType
Chrome 33.0.1750.152 Mac OS [PASSED] MediaSource.testGetMediaType
Chrome 33.0.1750.152 Mac OS [PASSED] MediaSource.testGetURLUsesConfig
Chrome 33.0.1750.152 Mac OS [PASSED] MediaSource.testGetURL
Chrome 33.0.1750.152 Mac OS [PASSED] MediaSource.testGetURLLiveStreamUsesUsualFormatter
Chrome 33.0.1750.152 Mac OS [PASSED] MediaSource.testGetURLWithTags
Chrome 33.0.1750.152 Mac OS [PASSED] MediaSource.testIsLiveStreamStatic
Chrome 33.0.1750.152 Mac OS [PASSED] MediaSource.testIsLiveStream
Chrome 33.0.1750.152 Mac OS [PASSED] MediaSource.testIsHLSStatic
Chrome 33.0.1750.152 Mac OS [PASSED] MediaSource.testIsHLS
Chrome 33.0.1750.152 Mac OS [PASSED] MediaSource.testIsSmoothStreamingStatic
Chrome 33.0.1750.152 Mac OS [PASSED] MediaSource.testIsSmoothStreaming
Chrome 33.0.1750.152 Mac OS [PASSED] MediaSource.testIsMpegDashStatic
Chrome 33.0.1750.152 Mac OS [PASSED] MediaSource.testIsMpegDash
Chrome 33.0.1750.152 Mac OS [PASSED] Storage (Base Provider).testGetSessionStorage
Chrome 33.0.1750.152 Mac OS [PASSED] Storage (Base Provider).testGetPersistentStorage
Chrome 33.0.1750.152 Mac OS [PASSED] URLBuilder.testInterface
Chrome 33.0.1750.152 Mac OS [PASSED] URLBuilder.testGetURLNoTags
Chrome 33.0.1750.152 Mac OS [PASSED] URLBuilder.testGetURLHREFOnly
Chrome 33.0.1750.152 Mac OS [PASSED] URLBuilder.testGetURLHREFAndTags
Chrome 33.0.1750.152 Mac OS [PASSED] URLBuilder.testGetURLApostrophesAreEncoded
Chrome 33.0.1750.152 Mac OS [PASSED] VideoSource.testInterface
Chrome 33.0.1750.152 Mac OS [PASSED] VideoSource.testGetMediaType
Chrome 33.0.1750.152 Mac OS [PASSED] VideoSource.testGetURL
Chrome 33.0.1750.152 Mac OS [PASSED] Button.testInterface
Chrome 33.0.1750.152 Mac OS [PASSED] Button.testRender
Chrome 33.0.1750.152 Mac OS [PASSED] Button.testIsFocusableWhenEnabled
Chrome 33.0.1750.152 Mac OS [PASSED] Button.testIsNotFocusableWhenDisabled
Chrome 33.0.1750.152 Mac OS [PASSED] Button.testFocus
Chrome 33.0.1750.152 Mac OS [PASSED] Button.testFocusMovesFocus
Chrome 33.0.1750.152 Mac OS [PASSED] Button.testFocusChangesActiveAndFocusStates
Chrome 33.0.1750.152 Mac OS [PASSED] Button.testSelect
Chrome 33.0.1750.152 Mac OS [PASSED] Button.testEnterKeyCausesSelect
Chrome 33.0.1750.152 Mac OS [PASSED] Button.testFocusClasses
Chrome 33.0.1750.152 Mac OS [PASSED] Button.testRemoveFocus
Chrome 33.0.1750.152 Mac OS [PASSED] Button.testFocusReturnsTrueWhenButtonIsEnabled
Chrome 33.0.1750.152 Mac OS [PASSED] Button.testFocusReturnsTrueWhenButtonIsDisabled
Chrome 33.0.1750.152 Mac OS [PASSED] Carousel.testContainerAPIRedirectsToAppropriateClasses
Chrome 33.0.1750.152 Mac OS [PASSED] Carousel.testAppendChildWidgetCallsContainerPrototypeDuringInit
Chrome 33.0.1750.152 Mac OS [PASSED] Carousel.testAppendChildWidgetCallsAppendAfterInit
Chrome 33.0.1750.152 Mac OS [PASSED] Carousel.testSetActiveChildWidgetWithMaskCallsContainerPrototype
Chrome 33.0.1750.152 Mac OS [PASSED] Carousel.testSetActiveChildWidgetWithNonMaskCallsSetActiveWidget
Chrome 33.0.1750.152 Mac OS [PASSED] Carousel.testHasChildWidgetWithMaskIdCallsCore
Chrome 33.0.1750.152 Mac OS [PASSED] Carousel.testHasChildWidgetWithNonMaskIdCallsWidgetStrip
Chrome 33.0.1750.152 Mac OS [PASSED] Carousel.testGetChildWidgetWithMaskIdCallsCore
Chrome 33.0.1750.152 Mac OS [PASSED] Carousel.testGetChildWidgetWithNonMaskIdCallsWidgetStrip
Chrome 33.0.1750.152 Mac OS [PASSED] Carousel.testInsertChildWidgetCallsInsert
Chrome 33.0.1750.152 Mac OS [PASSED] Carousel.testRemoveChildWidgetCallsRemove
Chrome 33.0.1750.152 Mac OS [PASSED] Carousel.testRemoveChildWidgetsCallsRemoveAll
Chrome 33.0.1750.152 Mac OS [PASSED] Aligner.testAlignToCallsBeforeAlignToOnMask
Chrome 33.0.1750.152 Mac OS [PASSED] Aligner.testBeforeAlignToCalledOnMaskWhenMovedForwardBetweenZeroAndOne
Chrome 33.0.1750.152 Mac OS [PASSED] Aligner.testBeforeAlignFiredOnMaskWhenMovedBackwardBetweenOneAndZero
Chrome 33.0.1750.152 Mac OS [PASSED] Aligner.testAfterAlignToCalledOnMaskAfterAlignToIndex
Chrome 33.0.1750.152 Mac OS [PASSED] Aligner.testAfterAlignToCalledOnMaskWhenMovedForwardBetweenZeroAndOne
Chrome 33.0.1750.152 Mac OS [PASSED] Aligner.testAfterAlignToCalledOnMaskWhenMovedBackwardBetweenOneAndZero
Chrome 33.0.1750.152 Mac OS [PASSED] Aligner.testAfterAlignToNotFiredBeforeAlignToIndexCallsBack
Chrome 33.0.1750.152 Mac OS [PASSED] Aligner.testMaskAskedToAlignOnAlignToIndex
Chrome 33.0.1750.152 Mac OS [PASSED] Aligner.testOptionsPassedThroughToMask
Chrome 33.0.1750.152 Mac OS [PASSED] Aligner.testOptionsOnCompleteFiredAfterAlignToIndex
Chrome 33.0.1750.152 Mac OS [PASSED] Aligner.testMaskAskedToAlignToTargetWidgetOnMoveForward
Chrome 33.0.1750.152 Mac OS [PASSED] Aligner.testMaskAskedToAlignToTargetWidgetOnMoveBackward
Chrome 33.0.1750.152 Mac OS [PASSED] Aligner.testMoveForwardWhenNextIndexSmallerThenCurrentTriggersWrapAnimation
Chrome 33.0.1750.152 Mac OS [PASSED] Aligner.testMovebackwardWhenNextIndexLargerThenCurrentTriggersWrapAnimation
Chrome 33.0.1750.152 Mac OS [PASSED] Aligner.testMoveForwardToNullDoesNothing

Chrome 33.0.1750.152 Mac OS [PASSED] Aligner.testMoveBackwardToNullDoesNothing
Chrome 33.0.1750.152 Mac OS [PASSED] Aligner.testMoveForwardWhenNextIndexGreaterThenCurrentDoesNotTriggerWrapAnimation
Chrome 33.0.1750.152 Mac OS [PASSED] Aligner.testMoveBackwardWhenNextIndexLessThenCurrentDoesNotTriggerWrapAnimation
Chrome 33.0.1750.152 Mac OS [PASSED] Aligner.testWrapForwardFromInactiveItemWrapsCarouselBeforeAnimation
Chrome 33.0.1750.152 Mac OS [PASSED] Aligner.testWrapForwardPassesOptionsToAnimation
Chrome 33.0.1750.152 Mac OS [PASSED] Aligner.testWrapForwardFromInactiveIndexPastDisabledItemAlignsToCorrectClone
Chrome 33.0.1750.152 Mac OS [PASSED] Aligner.testWrapForwardFromActiveIndexPastDisabledItemAlignsToCorrectClone
Chrome 33.0.1750.152 Mac OS [PASSED] Aligner.testWrapBackwardPastDisabledItemAlignsToCorrectClone
Chrome 33.0.1750.152 Mac OS [PASSED] Aligner.testWrapBackwardFromActiveIndexPastDisabledItemAlignsToCorrectClone
Chrome 33.0.1750.152 Mac OS [PASSED] Aligner.testWrapBackwardFromInactiveItemWrapsCarouselBeforeAnimation
Chrome 33.0.1750.152 Mac OS [PASSED] Aligner.testWrapBackwardPassesOptionsToAnimation
Chrome 33.0.1750.152 Mac OS [PASSED] Aligner.testWrapForwardFromInactiveItemAlignsToNextItemAfterWrap
Chrome 33.0.1750.152 Mac OS [PASSED] Aligner.testWrapBackwardFromInactiveItemAlignsToPreviousItemAfterWrap
Chrome 33.0.1750.152 Mac OS [PASSED] Aligner.testWrapForwardFromActiveItemAlignsToNextItemBeforeWrap
Chrome 33.0.1750.152 Mac OS [PASSED] Aligner.testWrapBackwardFromActiveItemAlignsToPreviousItemBeforeWrap
Chrome 33.0.1750.152 Mac OS [PASSED] Aligner.testWrapForwardFromActiveItemWrapsCarouselAfterAnimation
Chrome 33.0.1750.152 Mac OS [PASSED] Aligner.testWrapBackwardFromActiveItemWrapsCarouselAfterAnimation
Chrome 33.0.1750.152 Mac OS [PASSED] Aligner.testOptionsPassedToMaskFromAlignNext
Chrome 33.0.1750.152 Mac OS [PASSED] Aligner.testOptionsPassedToMaskFromAlignPrevious
Chrome 33.0.1750.152 Mac OS [PASSED] Aligner.testCompleteCompletesAlignmentQueue
Chrome 33.0.1750.152 Mac OS [PASSED] Aligner.testAlignedIndexIsNullOnInit
Chrome 33.0.1750.152 Mac OS [PASSED] Aligner.testIndexOfLastAlignRequestIsChangedAfterAlignToIndex
Chrome 33.0.1750.152 Mac OS [PASSED] Aligner.testIndexOfLastAlignRequestIsChangedAfterAlignPrevious
Chrome 33.0.1750.152 Mac OS [PASSED] Aligner.testIndexOfLastAlignRequestIsChangedAfterAlignNext
Chrome 33.0.1750.152 Mac OS [PASSED] AlignmentQueue.testQueuedAlignmentsExecuteInOrder
Chrome 33.0.1750.152 Mac OS [PASSED] AlignmentQueue.testSecondQueuedAlignmentDoesntExecuteBeforeOnCompleteOfFirst
Chrome 33.0.1750.152 Mac OS [PASSED] AlignmentQueue.testSuppliedOnCompletesFiredInOrder
Chrome 33.0.1750.152 Mac OS [PASSED] AlignmentQueue.testOptionPropertiesPassedThroughToMask
Chrome 33.0.1750.152 Mac OS [PASSED] AlignmentQueue.testCompleteStopsRunningAnimation
Chrome 33.0.1750.152 Mac OS [PASSED] AlignmentQueue.testCompleteSetsSkipAnimToTrueOnRemainingAlignments
Chrome 33.0.1750.152 Mac OS [PASSED] AlignmentQueue.testSkippingResetAfterQueueFinished
Chrome 33.0.1750.152 Mac OS [PASSED] AlignmentQueue.testCompleteOnEmptyQueueDoesNotSetSkip
Chrome 33.0.1750.152 Mac OS [PASSED] AlignmentQueue.testStartOnInProgressQueueDoesNotCauseDuplicateCall
Chrome 33.0.1750.152 Mac OS [PASSED] Binder.testBindAllAppendsFormattedItemToWidget
Chrome 33.0.1750.152 Mac OS [PASSED] Binder.testArrayDataSourceDoesNotCallLoadOnBind
Chrome 33.0.1750.152 Mac OS [PASSED] Binder.testArrayDataSourceUsedToBindWidget
Chrome 33.0.1750.152 Mac OS [PASSED] Binder.testBindAllAppendsItemsToWidgetInCorrectOrder
Chrome 33.0.1750.152 Mac OS [PASSED] Binder.testBindAllAppendsItemsProvidedAsIterator
Chrome 33.0.1750.152 Mac OS [PASSED] Binder.testBindAllBubblesBeforeDataBoundOnWidgetBeforeLoad
Chrome 33.0.1750.152 Mac OS [PASSED] Binder.testBindAllBubblesDataBoundOnWidgetAfterWidgetsAppended
Chrome 33.0.1750.152 Mac OS [PASSED] Binder.testBindAllBubblesDataBindingErrorOnWidgetIfError
Chrome 33.0.1750.152 Mac OS [PASSED] BatchBinder.testAppendAllToDisablesAutoUpdateBeforeBind
Chrome 33.0.1750.152 Mac OS [PASSED] BatchBinder.testAppendAllToEnablesAutoUpdateAfterBind
Chrome 33.0.1750.152 Mac OS [PASSED] CarouselCore.testCarouselCreatesOneMaskWithCorrectId
Chrome 33.0.1750.152 Mac OS [PASSED] CarouselCore.testCarouselCreatesOneWidgetStripWithCorrectId
Chrome 33.0.1750.152 Mac OS [PASSED] CarouselCore.testMaskAddedAsChildOfCarousel
Chrome 33.0.1750.152 Mac OS [PASSED] CarouselCore.testCarouselRendersMask
Chrome 33.0.1750.152 Mac OS [PASSED] CarouselCore.testCarouselRenderSetsOutputElementToElementReturnedByMaskRender
Chrome 33.0.1750.152 Mac OS [PASSED] CarouselCore.testAppendAddsToWidgetStrip
Chrome 33.0.1750.152 Mac OS [PASSED] CarouselCore.testInsertInsertsOnWidgetStrip
Chrome 33.0.1750.152 Mac OS [PASSED] CarouselCore.testRemoveRemovesFromWidgetStrip
Chrome 33.0.1750.152 Mac OS [PASSED] CarouselCore.testRemoveAllRemovesAllFromWidgetStrip
Chrome 33.0.1750.152 Mac OS [PASSED] CarouselCore.testAppendAddsCarouselItemClassToWidget
Chrome 33.0.1750.152 Mac OS [PASSED] CarouselCore.testInsertAddsCarouselItemClassToWidget
Chrome 33.0.1750.152 Mac OS [PASSED] CarouselCore.testRemoveRemovesCarouselItemClassFromChildWidget
Chrome 33.0.1750.152 Mac OS [PASSED] CarouselCore.testRemoveDoesNotRemoveCarouselItemClassFromNonChildWidget
Chrome 33.0.1750.152 Mac OS [PASSED] CarouselCore.testItemsReturnsWidgetStripWidgets
Chrome 33.0.1750.152 Mac OS [PASSED] CarouselCore.testNavigationDefaultsToBookend
Chrome 33.0.1750.152 Mac OS [PASSED] CarouselCore.testSpinAlignsIndexedWidget
Chrome 33.0.1750.152 Mac OS [PASSED] CarouselCore.testSpinAlignmentSet
Chrome 33.0.1750.152 Mac OS [PASSED] CarouselCore.testWidgetStripSetDuringInit
Chrome 33.0.1750.152 Mac OS [PASSED] CarouselCore.testSetWidgetStripInitsStrip
Chrome 33.0.1750.152 Mac OS [PASSED] CarouselCore.testSetWidgetStripUpdatesNavigatorContainer
Chrome 33.0.1750.152 Mac OS [PASSED] CarouselCore.testSetWidgetStripUpdatesMask
Chrome 33.0.1750.152 Mac OS [PASSED] CarouselCore.testGetActiveIndexReturnsNavigatorIndex
Chrome 33.0.1750.152 Mac OS [PASSED] CarouselCore.testSetActiveIndexUpdatesNavigator
Chrome 33.0.1750.152 Mac OS [PASSED] CarouselCore.testSpinToNextAsksAlignerToMoveForwardUsingNavigator
Chrome 33.0.1750.152 Mac OS [PASSED] CarouselCore.testSpinToPreviousAsksNavigatorToMoveBackwardUsingNavigator
Chrome 33.0.1750.152 Mac OS [PASSED] CarouselCore.testDefaultOrientationIsVertical
Chrome 33.0.1750.152 Mac OS [PASSED] CarouselCore.testInitWithHorizontalOrientationSetsHorizontalOrientation

Chrome 33.0.1750.152 Mac OS [PASSED] CarouselCore.testOrientationPassedToMask
Chrome 33.0.1750.152 Mac OS [PASSED] CarouselCore.testOrientationPassedToWidgetStrip
Chrome 33.0.1750.152 Mac OS [PASSED] CarouselCore.testBeforeAlignEventsFromStripHaveTargetResetToCarousel
Chrome 33.0.1750.152 Mac OS [PASSED] CarouselCore.testBeforeAlignEventsNotFromWidgetStripDontHaveTargetResetToCarousel
Chrome 33.0.1750.152 Mac OS [PASSED] CarouselCore.testAfterAlignEventsFromWidgetStripHaveTargetResetToCarousel
Chrome 33.0.1750.152 Mac OS [PASSED] CarouselCore.testAfterAlignEventsNotFromWidgetStripDontHaveTargetResetToCarousel
Chrome 33.0.1750.152 Mac OS [PASSED] CarouselCore.testNextIndexCallsNavigator
Chrome 33.0.1750.152 Mac OS [PASSED] CarouselCore.testPreviousIndexCallsNavigator
Chrome 33.0.1750.152 Mac OS [PASSED] CarouselCore.testSetActiveWidgetSetsIndexOnNavigator
Chrome 33.0.1750.152 Mac OS [PASSED] CarouselCore.testRecalculateCallsRecalculateOnWidgetStrip
Chrome 33.0.1750.152 Mac OS [PASSED] CarouselCore.testAutoCalculatCallsAutoCalculateOnWidgetStrip
Chrome 33.0.1750.152 Mac OS [PASSED] CarouselCore.testAlignToIndexPassesOptionsToAligner
Chrome 33.0.1750.152 Mac OS [PASSED] CarouselCore.testAlignNextPassesOptionsToAligner
Chrome 33.0.1750.152 Mac OS [PASSED] CarouselCore.testAlignPreviousPassesOptionsToAligner
Chrome 33.0.1750.152 Mac OS [PASSED] CarouselCore.testCompleteAlignmentDelegatesToAligner
Chrome 33.0.1750.152 Mac OS [PASSED] CarouselCore.testSetNormalisedAlignPointDelegatesToMask
Chrome 33.0.1750.152 Mac OS [PASSED] CarouselCore.testSetNormalisedWidgetAlignPointDelegatesToMask
Chrome 33.0.1750.152 Mac OS [PASSED] CarouselCore.testSetWidgetLengthsDelegatesToStrip
Chrome 33.0.1750.152 Mac OS [PASSED] ActivateFirstHandler.testHandlerCausesSetActiveIndexOnBeforeAlign
Chrome 33.0.1750.152 Mac OS [PASSED] AlignFirstHandler.testHandlerCausesSetActiveIndexOnBeforeAlign
Chrome 33.0.1750.152 Mac OS [PASSED] KeyHandler.testHandlerStopsUpKeyPropogation
Chrome 33.0.1750.152 Mac OS [PASSED] KeyHandler.testHandlerStopsDownKeyPropogation
Chrome 33.0.1750.152 Mac OS [PASSED] KeyHandler.testHandlerBubblesLeftKeyEvent
Chrome 33.0.1750.152 Mac OS [PASSED] KeyHandler.testHandlerCausesUpKeyToAlignPrevious
Chrome 33.0.1750.152 Mac OS [PASSED] KeyHandler.testHandlerCausesDownKeyToAlignNext
Chrome 33.0.1750.152 Mac OS [PASSED] KeyHandler.testHandlerDoesNotAlignOnUpWhenNoPreviousIndex
Chrome 33.0.1750.152 Mac OS [PASSED] KeyHandler.testHandlerDoesNotAlignOnDownWhenNoNextIndex
Chrome 33.0.1750.152 Mac OS [PASSED] KeyHandler.testHandlerBubblesUpEventWhenNoPreviousIndex
Chrome 33.0.1750.152 Mac OS [PASSED] KeyHandler.testHandlerBubblesDownEventWhenNoNextIndex
Chrome 33.0.1750.152 Mac OS [PASSED] KeyHandler.testHorizontalHandlerStopsLeftKeyPropogation
Chrome 33.0.1750.152 Mac OS [PASSED] KeyHandler.testHandlerPassesEmptyAnimationOptionsByDefault
Chrome 33.0.1750.152 Mac OS [PASSED] KeyHandler.testHandlerPassesSpecifiedAnimationOptions
Chrome 33.0.1750.152 Mac OS [PASSED] KeyHandler.testCallsCompleteBeforeNext
Chrome 33.0.1750.152 Mac OS [PASSED] KeyHandler.testCallsCompleteBeforePrevious
Chrome 33.0.1750.152 Mac OS [PASSED] Mask.testWidgetStripChildOfMask
Chrome 33.0.1750.152 Mac OS [PASSED] Mask.testAlignToIndexAtInitialAlignPointMovesContentsByNegativeOfLength
Chrome 33.0.1750.152 Mac OS [PASSED] Mask.testAlignToIndexAtModifiedALignPointMovesContentsByAlignPointMinusLength
Chrome 33.0.1750.152 Mac OS [PASSED] Mask.testAlignToIndexAtNormalisedAlignPointMovesContentsByAlignPointMinusLength
Chrome 33.0.1750.152 Mac OS [PASSED] Mask.testNormalisedAlignPointClampedToZero
Chrome 33.0.1750.152 Mac OS [PASSED] Mask.testNormalisedAlignPointClampedToOne
Chrome 33.0.1750.152 Mac OS [PASSED] Mask.testNormalisedAlignPointWorksIfSetBeforeMaskHasSize
Chrome 33.0.1750.152 Mac OS [PASSED] Mask.testNormalisedAlignPointOverriddenBySubsequentAlignPoint
Chrome 33.0.1750.152 Mac OS [PASSED] Mask.testNormalisedWidgetAlign
Chrome 33.0.1750.152 Mac OS [PASSED] Mask.testNormalisedWidgetAlignClampedToZero
Chrome 33.0.1750.152 Mac OS [PASSED] Mask.testNormalisedWidgetAlignClampedToOne
Chrome 33.0.1750.152 Mac OS [PASSED] Mask.testAlignToIndexPassesOnProvidedOnComplete
Chrome 33.0.1750.152 Mac OS [PASSED] Mask.testAlignToIndexPassesOnProvidedSkipAnim
Chrome 33.0.1750.152 Mac OS [PASSED] Mask.testGetWidgetStripReturnsStrip
Chrome 33.0.1750.152 Mac OS [PASSED] Mask.testSetWidgetStrip
Chrome 33.0.1750.152 Mac OS [PASSED] Mask.testSetWidgetStripRemovesOldStrip
Chrome 33.0.1750.152 Mac OS [PASSED] Mask.testSetWidgetStripDoesNotRemoveNonExistantStrip
Chrome 33.0.1750.152 Mac OS [PASSED] Mask.testSetWidgetStripAddsNewStrip
Chrome 33.0.1750.152 Mac OS [PASSED] Mask.testGetLength
Chrome 33.0.1750.152 Mac OS [PASSED] Mask.testMaskClassSet
Chrome 33.0.1750.152 Mac OS [PASSED] Mask.testMaskSetsOrientationClass
Chrome 33.0.1750.152 Mac OS [PASSED] Mask.testGetLengthGetsDimensionFromOrientation
Chrome 33.0.1750.152 Mac OS [PASSED] Mask.testMaskPassesOrientationToSpinner
Chrome 33.0.1750.152 Mac OS [PASSED] Mask.testIndicesVisibleAtAlignedIndex0WithAlignPoint0
Chrome 33.0.1750.152 Mac OS [PASSED] Mask.testVisibleIndicesBetweenCurrentAndFutureAlignIndexSetOnStripBeforeAlign
Chrome 33.0.1750.152 Mac OS [PASSED] Mask.testVisibleIndicesBetweenCurrentAndFutureAlignIndexSetOnStripBeforeAlignToLast
Chrome 33.0.1750.152 Mac OS [PASSED] Mask.testVisibleIndicesSetAfterAlignIfStripNeedsThem
Chrome 33.0.1750.152 Mac OS [PASSED] Mask.testIndicesVisibleAtAlignedIndex2WithAlignPoint0
Chrome 33.0.1750.152 Mac OS [PASSED] Mask.testIndicesVisibleAtAlignedIndex0WithAlignPoint10
Chrome 33.0.1750.152 Mac OS [PASSED] Mask.testIndicesVisibleAtAlignedIndex1WithAlignPoint10
Chrome 33.0.1750.152 Mac OS [PASSED] Mask.testNoIndicesVisibleAtZeroSizedMask
Chrome 33.0.1750.152 Mac OS [PASSED] Mask.testIndexBeforeMaskNotVisible
Chrome 33.0.1750.152 Mac OS [PASSED] Mask.testIndexAfterMaskNotVisible
Chrome 33.0.1750.152 Mac OS [PASSED] Mask.testIndexJustInsideMaskVisible
Chrome 33.0.1750.152 Mac OS [PASSED] Mask.testStopAnimationPassesThroughToSpinner
Chrome 33.0.1750.152 Mac OS [PASSED] Mask.testBeforeAlignToFiresBeforeAlignEventOnStrip

Chrome 33.0.1750.152 Mac OS [PASSED] Mask.testAfterAlignToFiresBeforeAlignEventOnStrip
Chrome 33.0.1750.152 Mac OS [PASSED] BookendedNavigator.testNextIndexReturnsOneWithTwoItemsAndActiveIndexZero
Chrome 33.0.1750.152 Mac OS [PASSED] BookendedNavigator.testPreviousIndexReturnsZeroWithTwoItemsAndActiveIndexOne
Chrome 33.0.1750.152 Mac OS [PASSED] BookendedNavigator.testGetIndexReturnsIndexOfContainerActiveWidget
Chrome 33.0.1750.152 Mac OS [PASSED] BookendedNavigator.testSetContainer
Chrome 33.0.1750.152 Mac OS [PASSED] BookendedNavigator.testSetContainerCalledInConstructor
Chrome 33.0.1750.152 Mac OS [PASSED] BookendedNavigator.testNextIndexSkipsDisabledWidget
Chrome 33.0.1750.152 Mac OS [PASSED] BookendedNavigator.testPreviousIndexSkipsDisabledWidget
Chrome 33.0.1750.152 Mac OS [PASSED] BookendedNavigator.testNextIndexReturnsNullWhenAllOtherWidgetsDisabled
Chrome 33.0.1750.152 Mac OS [PASSED] BookendedNavigator.testPreviousIndexReturnsNullWhenAllOtherWidgetsDisabled
Chrome 33.0.1750.152 Mac OS [PASSED] BookendedNavigator.testSetIndexActivatesValidIndexOfActivatableWidget
Chrome 33.0.1750.152 Mac OS [PASSED] BookendedNavigator.testSetIndexOnInvalidIndexDoesNotChangeActivation
Chrome 33.0.1750.152 Mac OS [PASSED] BookendedNavigator.testSetIndexOnIndexOfDisabledWidgetDoesNotChangeActivation
Chrome 33.0.1750.152 Mac OS [PASSED] BookendedNavigator.testIndexCountItemCountOfContainer
Chrome 33.0.1750.152 Mac OS [PASSED] BookendedNavigator.testSelectedItemChangedEventFiredWhenIndexSetSuccessfully
Chrome 33.0.1750.152 Mac OS [PASSED] BookendedNavigator.testSelectedItemChangedEventNotFiredWhenIndexNotSetSuccessfully
Chrome 33.0.1750.152 Mac OS [PASSED] BookendedNavigator.testIndexAfterZeroWithFocussableNextWidget
Chrome 33.0.1750.152 Mac OS [PASSED] BookendedNavigator.testIndexBeforeOneWithFocussableIndexZero
Chrome 33.0.1750.152 Mac OS [PASSED] BookendedNavigator.testIndexAfterSkipsDisabledWidget
Chrome 33.0.1750.152 Mac OS [PASSED] BookendedNavigator.testIndexBeforeSkipsDisabledWidget
Chrome 33.0.1750.152 Mac OS [PASSED] BookendedNavigator.testIndexAfterReturnsNullWhenAllOtherWidgetsDisabled
Chrome 33.0.1750.152 Mac OS [PASSED] BookendedNavigator.testIndexBeforeReturnsNullWhenAllOtherWidgetsDisabled
Chrome 33.0.1750.152 Mac OS [PASSED] BookendedNavigator.testBeforeSelectedItemChangedEventFiredBeforeIndexSetSuccessfully
Chrome 33.0.1750.152 Mac OS [PASSED] BookendedNavigator.testGetIndexReturnsNullWithEmptyWidget
Chrome 33.0.1750.152 Mac OS [PASSED] BookendedNavigator.testPreviousIndexFromFirstItemReturnsNull
Chrome 33.0.1750.152 Mac OS [PASSED] BookendedNavigator.testNextIndexFromLastItemReturnsNull
Chrome 33.0.1750.152 Mac OS [PASSED] WrappingNavigator.testNextIndexReturnsOneWithTwoItemsAndActiveIndexZero
Chrome 33.0.1750.152 Mac OS [PASSED] WrappingNavigator.testPreviousIndexReturnsZeroWithTwoItemsAndActiveIndexOne
Chrome 33.0.1750.152 Mac OS [PASSED] WrappingNavigator.testGetIndexReturnsIndexOfContainerActiveWidget
Chrome 33.0.1750.152 Mac OS [PASSED] WrappingNavigator.testSetContainer
Chrome 33.0.1750.152 Mac OS [PASSED] WrappingNavigator.testSetContainerCalledFromInit
Chrome 33.0.1750.152 Mac OS [PASSED] WrappingNavigator.testNextIndexSkipsDisabledWidget
Chrome 33.0.1750.152 Mac OS [PASSED] WrappingNavigator.testPreviousIndexSkipsDisabledWidget
Chrome 33.0.1750.152 Mac OS [PASSED] WrappingNavigator.testNextIndexReturnsNullWhenAllOtherWidgetsDisabled
Chrome 33.0.1750.152 Mac OS [PASSED] WrappingNavigator.testPreviousIndexReturnsNullWhenAllOtherWidgetsDisabled
Chrome 33.0.1750.152 Mac OS [PASSED] WrappingNavigator.testSetIndexActivatesValidIndexOfActivatableWidget
Chrome 33.0.1750.152 Mac OS [PASSED] WrappingNavigator.testSetIndexOnInvalidIndexDoesNotChangeActivation
Chrome 33.0.1750.152 Mac OS [PASSED] WrappingNavigator.testSetIndexOnIndexOfDisabledWidgetDoesNotChangeActivation
Chrome 33.0.1750.152 Mac OS [PASSED] WrappingNavigator.testIndexCountItemCountOfContainer
Chrome 33.0.1750.152 Mac OS [PASSED] WrappingNavigator.testSelectedItemChangedEventFiredWhenIndexSetSuccessfully
Chrome 33.0.1750.152 Mac OS [PASSED] WrappingNavigator.testSelectedItemChangedEventNotFiredWhenIndexNotSetSuccessfully
Chrome 33.0.1750.152 Mac OS [PASSED] WrappingNavigator.testIndexAfterZeroWithFocussableNextWidget
Chrome 33.0.1750.152 Mac OS [PASSED] WrappingNavigator.testIndexBeforeOneWithFocussableIndexZero
Chrome 33.0.1750.152 Mac OS [PASSED] WrappingNavigator.testIndexAfterSkipsDisabledWidget
Chrome 33.0.1750.152 Mac OS [PASSED] WrappingNavigator.testIndexBeforeSkipsDisabledWidget
Chrome 33.0.1750.152 Mac OS [PASSED] WrappingNavigator.testIndexAfterReturnsNullWhenAllOtherWidgetsDisabled
Chrome 33.0.1750.152 Mac OS [PASSED] WrappingNavigator.testIndexBeforeReturnsNullWhenAllOtherWidgetsDisabled
Chrome 33.0.1750.152 Mac OS [PASSED] WrappingNavigator.testBeforeSelectedItemChangedEventFiredBeforeIndexSetSuccessfully
Chrome 33.0.1750.152 Mac OS [PASSED] WrappingNavigator.testGetIndexReturnsNullWithEmptyWidget
Chrome 33.0.1750.152 Mac OS [PASSED] WrappingNavigator.testPreviousIndexFromFirstPositionReturnsLastIndex
Chrome 33.0.1750.152 Mac OS [PASSED] WrappingNavigator.testNextIndexFromLastPositionReturnsFirstIndex
Chrome 33.0.1750.152 Mac OS [PASSED] WrappingNavigator.testNextIndexFromPenultimatePositionWithDisabledLastWidgetReturnsFirstIndex
Chrome 33.0.1750.152 Mac OS [PASSED] WrappingNavigator.testNextIndexFromLastPositionWithDisabledFirstWidgetReturnsSecondIndex
Chrome 33.0.1750.152 Mac OS [PASSED] WrappingNavigator.testPreviousIndexFromSecondPositionWithDisabledFirstWidgetReturnsLastIndex
Chrome 33.0.1750.152 Mac OS [PASSED] WrappingNavigator.testPreviousIndexFromFirstPositionWithDisabledLastWidgetReturnsPenultimateIndex
Chrome 33.0.1750.152 Mac OS [PASSED] HorizontalOrientation.testDimesionReturnsWidth
Chrome 33.0.1750.152 Mac OS [PASSED] HorizontalOrientation.testEdgeReturnsLeft
Chrome 33.0.1750.152 Mac OS [PASSED] HorizontalOrientation.testStyleClassReturnsHorizontal
Chrome 33.0.1750.152 Mac OS [PASSED] HorizontalOrientation.testStyleClassReturnsVertical
Chrome 33.0.1750.152 Mac OS [PASSED] VerticalOrientation.testDimesionReturnsHeight
Chrome 33.0.1750.152 Mac OS [PASSED] VerticalOrientation.testEdgeReturnsTop
Chrome 33.0.1750.152 Mac OS [PASSED] Spinner.testMoveContentsToCallsMoveToOnWidgetStripElement
Chrome 33.0.1750.152 Mac OS [PASSED] Spinner.testMoveContentsToUsesPassedInOptions
Chrome 33.0.1750.152 Mac OS [PASSED] Spinner.testMoveContentsToGetsEdgeFromOrientation
Chrome 33.0.1750.152 Mac OS [PASSED] Spinner.testInProgressAnimationIsStoppedBySubsequentAnimation
Chrome 33.0.1750.152 Mac OS [PASSED] Spinner.testCompletedAnimationNotStoppedBySubsequentAnimation
Chrome 33.0.1750.152 Mac OS [PASSED] Spinner.testChainedAnimationNotStopped
Chrome 33.0.1750.152 Mac OS [PASSED] Spinner.testStopAnimationStopsInProgressAnimation
Chrome 33.0.1750.152 Mac OS [PASSED] Spinner.testStopAnimationDoesNotCallDeviceWhenNoAnimation
Chrome 33.0.1750.152 Mac OS [PASSED] Spinner.testOptionParamatersUsedWhenPresent

Chrome 33.0.1750.152 Mac OS [PASSED] Spinner.testSkipAnimTrueByDefault
Chrome 33.0.1750.152 Mac OS [PASSED] Spinner.testSkipAnimCanBeOveridden
Chrome 33.0.1750.152 Mac OS [PASSED] CullingStrip.testIsAWidgetStrip
Chrome 33.0.1750.152 Mac OS [PASSED] CullingStrip.testHasNoDetachedWidgetsOnInit
Chrome 33.0.1750.152 Mac OS [PASSED] CullingStrip.testHasDetachedWidgetsAfterAppend
Chrome 33.0.1750.152 Mac OS [PASSED] CullingStrip.testHasDetachedWidgetsAfterInsert
Chrome 33.0.1750.152 Mac OS [PASSED] CullingStrip.testHasNoDetachedWidgetsAfterLastRemoved
Chrome 33.0.1750.152 Mac OS [PASSED] CullingStrip.testHasNoDetachedWidgetsAfterAllRemoved
Chrome 33.0.1750.152 Mac OS [PASSED] CullingStrip.testInitCallsSuper
Chrome 33.0.1750.152 Mac OS [PASSED] CullingStrip.testAppendCallsSuper
Chrome 33.0.1750.152 Mac OS [PASSED] CullingStrip.testWidgetNotRenderedOnAppend
Chrome 33.0.1750.152 Mac OS [PASSED] CullingStrip.testAttachIndexedWidgetsRendersIndexedWidgetWithoutOutputElements
Chrome 33.0.1750.152 Mac OS [PASSED] CullingStrip.testAttachIndexedWidgetsDoesNotReRenderAttachedWidget
Chrome 33.0.1750.152 Mac OS [PASSED] CullingStrip.testAttachIndexedWidgetsDetachesNonIndexedAttachedWidgets
Chrome 33.0.1750.152 Mac OS [PASSED] CullingStrip.testWidgetsBeforeCurrentlyAttachedBlockPrepended
Chrome 33.0.1750.152 Mac OS [PASSED] CullingStrip.testRenderCausesWidgetsToReRenderOnAttach
Chrome 33.0.1750.152 Mac OS [PASSED] CullingStrip.testRenderWithNoOutputElementCreatesContainerAndSetsAsOutput
Chrome 33.0.1750.152 Mac OS [PASSED] CullingStrip.testRenderWithOutputDoesNotCreateNewOutputElement
Chrome 33.0.1750.152 Mac OS [PASSED] CullingStrip.testRenderClearsExistingOutput
Chrome 33.0.1750.152 Mac OS [PASSED] CullingStrip.testGetLengthToIndexErrorsIfNoLengthsSet
Chrome 33.0.1750.152 Mac OS [PASSED] CullingStrip.testGetLengthToIndexCorrectWhenAllAttached
Chrome 33.0.1750.152 Mac OS [PASSED] CullingStrip.testGetLengthToIndexCorrectWhenSomeDetached
Chrome 33.0.1750.152 Mac OS [PASSED] AttachedState.testAppendDoesNotCallRenderOnWidget
Chrome 33.0.1750.152 Mac OS [PASSED] AttachedState.testPrependDoesNotCallRenderOnWidget
Chrome 33.0.1750.152 Mac OS [PASSED] AttachedState.testAppendDoesNotAppendOutputElementOfWidgetToAnything
Chrome 33.0.1750.152 Mac OS [PASSED] AttachedState.testPrependDoesNotPrependOutputElementOfWidgetToAnything
Chrome 33.0.1750.152 Mac OS [PASSED] AttachedState.testAppendDoesNotChangeState
Chrome 33.0.1750.152 Mac OS [PASSED] AttachedState.testPrependDoesNotChangeState
Chrome 33.0.1750.152 Mac OS [PASSED] AttachedState.testDetachCallsRemoveElementWithWidgetElement
Chrome 33.0.1750.152 Mac OS [PASSED] AttachedState.testDetachChangesStateToRendered
Chrome 33.0.1750.152 Mac OS [PASSED] AttachedState.testAttachedReturnsTrue
Chrome 33.0.1750.152 Mac OS [PASSED] HiddenState.testAppendDoesNotCallRenderOnWidget
Chrome 33.0.1750.152 Mac OS [PASSED] HiddenState.testPrependDoesNotCallRenderOnWidget
Chrome 33.0.1750.152 Mac OS [PASSED] HiddenState.testAppendShowsElement
Chrome 33.0.1750.152 Mac OS [PASSED] HiddenState.testPrependPrependsOutputElementOfWidgetToOutputElementOfParent
Chrome 33.0.1750.152 Mac OS [PASSED] HiddenState.testAppendChangesContextStateToVisible
Chrome 33.0.1750.152 Mac OS [PASSED] HiddenState.testPrependChangesContextStateToVisible
Chrome 33.0.1750.152 Mac OS [PASSED] HiddenState.testDetachDoesNotCallRemoveElement
Chrome 33.0.1750.152 Mac OS [PASSED] HiddenState.testDetachDoesNotChangeState
Chrome 33.0.1750.152 Mac OS [PASSED] HiddenState.testHasLengthReturnsTrue
Chrome 33.0.1750.152 Mac OS [PASSED] HiddenState.testNotInView
Chrome 33.0.1750.152 Mac OS [PASSED] InitState.testAppendCallsRenderOnWidget
Chrome 33.0.1750.152 Mac OS [PASSED] InitState.testPrependCallsRenderOnWidget
Chrome 33.0.1750.152 Mac OS [PASSED] InitState.testAppendAppendsOutputElementOfWidgetToOutputElementOfParent
Chrome 33.0.1750.152 Mac OS [PASSED] InitState.testPrependPrependsOutputElementOfWidgetToOutputElementOfParent
Chrome 33.0.1750.152 Mac OS [PASSED] InitState.testAppendChangesContextStateToAttached
Chrome 33.0.1750.152 Mac OS [PASSED] InitState.testPrependChangesContextStateToAttached
Chrome 33.0.1750.152 Mac OS [PASSED] InitState.testDetachDoesNotCallRemoveElement
Chrome 33.0.1750.152 Mac OS [PASSED] InitState.testDetachDoesNotChangeState
Chrome 33.0.1750.152 Mac OS [PASSED] InitState.testAttachedReturnsFalse
Chrome 33.0.1750.152 Mac OS [PASSED] RenderedState.testAppendDoesNotCallRenderOnWidget
Chrome 33.0.1750.152 Mac OS [PASSED] RenderedState.testPrependDoesNotCallRenderOnWidget
Chrome 33.0.1750.152 Mac OS [PASSED] RenderedState.testAppendAppendsOutputElementOfWidgetToOutputElementOfParent
Chrome 33.0.1750.152 Mac OS [PASSED] RenderedState.testPrependPrependsOutputElementOfWidgetToOutputElementOfParent
Chrome 33.0.1750.152 Mac OS [PASSED] RenderedState.testAppendChangesContextStateToAttached
Chrome 33.0.1750.152 Mac OS [PASSED] RenderedState.testPrependChangesContextStateToAttached
Chrome 33.0.1750.152 Mac OS [PASSED] RenderedState.testDetachDoesNotCallRemoveElement
Chrome 33.0.1750.152 Mac OS [PASSED] RenderedState.testDetachDoesNotChangeState
Chrome 33.0.1750.152 Mac OS [PASSED] RenderedState.testAttachedReturnsFalse
Chrome 33.0.1750.152 Mac OS [PASSED] VisibleState.testAppendDoesNotCallRenderOnWidget
Chrome 33.0.1750.152 Mac OS [PASSED] VisibleState.testPrependDoesNotCallRenderOnWidget
Chrome 33.0.1750.152 Mac OS [PASSED] VisibleState.testAppendDoesNotAppendOutputElementOfWidgetToAnything
Chrome 33.0.1750.152 Mac OS [PASSED] VisibleState.testPrependDoesNotPrependOutputElementOfWidgetToAnything
Chrome 33.0.1750.152 Mac OS [PASSED] VisibleState.testAppendDoesNotChangeState
Chrome 33.0.1750.152 Mac OS [PASSED] VisibleState.testPrependDoesNotChangeState
Chrome 33.0.1750.152 Mac OS [PASSED] VisibleState.testDetachCallsHideElementWithWidgetElement
Chrome 33.0.1750.152 Mac OS [PASSED] VisibleState.testDetachChangesStateToHidden
Chrome 33.0.1750.152 Mac OS [PASSED] VisibleState.testHasLengthReturnsTrue
Chrome 33.0.1750.152 Mac OS [PASSED] VisibleState.testInViewReturnsTrue
Chrome 33.0.1750.152 Mac OS [PASSED] WidgetContext.testStateINITOnInit

Chrome 33.0.1750.152 Mac OS [PASSED] WidgetContext.testAppendCalledOnNewStateAfterSetState
Chrome 33.0.1750.152 Mac OS [PASSED] WidgetContext.testAppendPassedParentAndWidgetContextInitialisedWith
Chrome 33.0.1750.152 Mac OS [PASSED] WidgetContext.testPrependPassedParentAndWidgetContextInitialisedWith
Chrome 33.0.1750.152 Mac OS [PASSED] WidgetContext.testDetatchPassedWidgetContextInitialisedWith
Chrome 33.0.1750.152 Mac OS [PASSED] WidgetContext.testAttachedReturnsValueFromState
Chrome 33.0.1750.152 Mac OS [PASSED] WidgetContext.testStateInititalisedOnStateChange
Chrome 33.0.1750.152 Mac OS [PASSED] WidgetStrip.testLengthToFirstIndexIsZero
Chrome 33.0.1750.152 Mac OS [PASSED] WidgetStrip.testLengthToNegativeIndexIsZero
Chrome 33.0.1750.152 Mac OS [PASSED] WidgetStrip.testLengthToOutOfBoundsIndexIsLengthOfAllWidgets
Chrome 33.0.1750.152 Mac OS [PASSED] WidgetStrip.testWidgetStripClassSet
Chrome 33.0.1750.152 Mac OS [PASSED] WidgetStrip.testWidgetsReturnsEmptyArrayOnInit
Chrome 33.0.1750.152 Mac OS [PASSED] WidgetStrip.testWidgetsReturnsAppendedWidgets
Chrome 33.0.1750.152 Mac OS [PASSED] WidgetStrip.testOrientationClassAddedToStrip
Chrome 33.0.1750.152 Mac OS [PASSED] WidgetStrip.testOrientationUsedToGetEdge
Chrome 33.0.1750.152 Mac OS [PASSED] WidgetStrip.testInsertDelegatesToInsertChildWidget
Chrome 33.0.1750.152 Mac OS [PASSED] WidgetStrip.testRemoveDelegatesToRemoveChildWidget
Chrome 33.0.1750.152 Mac OS [PASSED] WidgetStrip.testRemoveAllDelegatesToRemoveChildWidget
Chrome 33.0.1750.152 Mac OS [PASSED] WidgetStrip.testLengthOfWidgetAtIndexReturnsHeightIfVertical
Chrome 33.0.1750.152 Mac OS [PASSED] WidgetStrip.testLengthOfWidgetAtIndexReturnsWidthIfHorizontal
Chrome 33.0.1750.152 Mac OS [PASSED] WidgetStrip.testLengthOfWidgetAtReturnsSetLengthIfProvidedOnAppend
Chrome 33.0.1750.152 Mac OS [PASSED] WidgetStrip.testLengthOfWidgetAtReturnsCalculatedLengthIfNotProvidedOnAppend
Chrome 33.0.1750.152 Mac OS [PASSED] WidgetStrip.testGetLengthToIndexUsesProvidedLengthsWhenAllUpToIndexProvided
Chrome 33.0.1750.152 Mac OS [PASSED] WidgetStrip.testGetLengthToIndexUsesCalculatedOffsetWhenAllUpToIndexNotProvided
Chrome 33.0.1750.152 Mac OS [PASSED] WidgetStrip.testGetLengthToIndexUsesSuppliedLengthWhenInsertingWidget
Chrome 33.0.1750.152 Mac OS [PASSED] WidgetStrip.testGetLengthToIndexUsesSuppliedLengthWhenInsertingWidgetAtStart
Chrome 33.0.1750.152 Mac OS [PASSED] WidgetStrip.testGetLengthToIndexUsesSuppliedLengthAfterRemovingWidget
Chrome 33.0.1750.152 Mac OS [PASSED] WidgetStrip.testGetLengthToIndexUsesCalculateLengthAfterRemoveAll
Chrome 33.0.1750.152 Mac OS [PASSED] WidgetStrip.testGetLengthToIndexUsesSetLengthsWithSingleDigit
Chrome 33.0.1750.152 Mac OS [PASSED] WidgetStrip.testGetLengthToIndexUsesSetLengthsWithArray
Chrome 33.0.1750.152 Mac OS [PASSED] WidgetStrip.testHasDetachedWidgetsIsFalse
Chrome 33.0.1750.152 Mac OS [PASSED] WrappingStrip.testAppendCallsCreateClones
Chrome 33.0.1750.152 Mac OS [PASSED] WrappingStrip.testInsertCallsCreateClones
Chrome 33.0.1750.152 Mac OS [PASSED] WrappingStrip.testRemoveCallsCreateClones
Chrome 33.0.1750.152 Mac OS [PASSED] WrappingStrip.testAppendToWrappingStripRemovesClones
Chrome 33.0.1750.152 Mac OS [PASSED] WrappingStrip.testInsertRemovesClones
Chrome 33.0.1750.152 Mac OS [PASSED] WrappingStrip.testRemoveRemovesClones
Chrome 33.0.1750.152 Mac OS [PASSED] WrappingStrip.testGetLengthReturnsLengthToIndexPlusOffsetInElementsArray
Chrome 33.0.1750.152 Mac OS [PASSED] WrappingStrip.testGetLengthToNegativeIndexReturnsPrependedCloneLengthUpToIndex
Chrome 33.0.1750.152 Mac OS [PASSED] WrappingStrip.testGetLengthToIndexOneGreaterThenWidgetLengthReturnsLengthToFirstPostClone
Chrome 33.0.1750.152 Mac OS [PASSED] WrappingStrip.testLengthOfWidgetAtIndexReturnsHeightIfVertical
Chrome 33.0.1750.152 Mac OS [PASSED] WrappingStrip.testLengthOfWidgetAtIndexReturnsWidthIfHorizontal
Chrome 33.0.1750.152 Mac OS [PASSED] WrappingStrip.testCreateClonesWithNoItemsDoesNotCloneElements
Chrome 33.0.1750.152 Mac OS [PASSED] WrappingStrip.testCreateClonesWithZeroNullOrUndefinedMaskDoesNotCloneElements
Chrome 33.0.1750.152 Mac OS [PASSED] WrappingStrip.testCloneItemsWithOneMaskFillingItemRepeatsThatItemOnceInEachDirection
Chrome 33.0.1750.152 Mac OS [PASSED] WrappingStrip.testCloneItemsWithTwoMaskFillingItemsRepeatsItemsOnceInEachDirection
Chrome 33.0.1750.152 Mac OS [PASSED] WrappingStrip.testCloneItemsWithFourLength20ItemsAndMask50RepeatsThree
Chrome 33.0.1750.152 Mac OS [PASSED] WrappingStrip.testCorrectCloningOf5ItemStripWithFirst3Disabled
Chrome 33.0.1750.152 Mac OS [PASSED] WrappingStrip.testCloneWhenNoActiveIndexReturnsEmptyArray
Chrome 33.0.1750.152 Mac OS [PASSED] WrappingStrip.testCloneThreeSize20ItemsOnMask10ClonesTwoAfterAndOneBeforeWhenFirstDisabled
Chrome 33.0.1750.152 Mac OS [PASSED] WrappingStrip.testClonesAddedToStripCanBeRetrieved
Chrome 33.0.1750.152 Mac OS [PASSED] WrappingStrip.testClonesAreRemovedFromClonesArray
Chrome 33.0.1750.152 Mac OS [PASSED] WrappingStrip.testAppendCallsAppendChildWidget
Chrome 33.0.1750.152 Mac OS [PASSED] WrappingStrip.testGetMaskLengthAsksParentForLength
Chrome 33.0.1750.152 Mac OS [PASSED] WrappingStrip.testCreateClonesCreatesFrontClones
Chrome 33.0.1750.152 Mac OS [PASSED] WrappingStrip.testCreateClonesCreatesRearClones
Chrome 33.0.1750.152 Mac OS [PASSED] WrappingStrip.testCreateClonesAppendsFrontClones
Chrome 33.0.1750.152 Mac OS [PASSED] WrappingStrip.testCreateClonesPrependsRearClones
Chrome 33.0.1750.152 Mac OS [PASSED] WrappingStrip.testCreateClonesStoresPrependedClones
Chrome 33.0.1750.152 Mac OS [PASSED] WrappingStrip.testCreateClonesStoresAppendedClones
Chrome 33.0.1750.152 Mac OS [PASSED] WrappingStrip.testCloneFrontItemsClonesElementsBetweenZeroAndFirstIndexPastMaskSize
Chrome 33.0.1750.152 Mac OS [PASSED] WrappingStrip.testCloneFrontItemsReturnsArrayOfClones
Chrome 33.0.1750.152 Mac OS [PASSED] WrappingStrip.testCloneRearItemsClonesElementsBetweenFirstIndexWithinMaskSizeAndLastItem
Chrome 33.0.1750.152 Mac OS [PASSED] WrappingStrip.testCloneRearItemsReturnsArrayOfClones
Chrome 33.0.1750.152 Mac OS [PASSED] WrappingStrip.testCloneElementRemovesStateStyles
Chrome 33.0.1750.152 Mac OS [PASSED] WrappingStrip.testRemoveStateStylesFromElement
Chrome 33.0.1750.152 Mac OS [PASSED] WrappingStrip.testRemoveAllDelegatesToRemoveChildWidget
Chrome 33.0.1750.152 Mac OS [PASSED] WrappingStrip.testRecalcualteRemovesClones
Chrome 33.0.1750.152 Mac OS [PASSED] WrappingStrip.testRecalcualteCreatesClones
Chrome 33.0.1750.152 Mac OS [PASSED] WrappingStrip.testRecalcualteNotCalledOnAppendRemoveOrInsertWhenAutoCalculateOff
Chrome 33.0.1750.152 Mac OS [PASSED] WrappingStrip.testManualRecalcualteStillRecalculatesWithAutoCalculateOff

Chrome 33.0.1750.152 Mac OS [PASSED] WrappingStrip.testClonesRendered
Chrome 33.0.1750.152 Mac OS [PASSED] Component.testInterface
Chrome 33.0.1750.152 Mac OS [PASSED] Component.testRender
Chrome 33.0.1750.152 Mac OS [PASSED] Component.testSetGetIsModal
Chrome 33.0.1750.152 Mac OS [PASSED] Component.testGetConfig
Chrome 33.0.1750.152 Mac OS [PASSED] Component.testGetCurrentState
Chrome 33.0.1750.152 Mac OS [PASSED] Component.testHide
Chrome 33.0.1750.152 Mac OS [PASSED] Component.testLifecycleEventsOnShow
Chrome 33.0.1750.152 Mac OS [PASSED] Component.testLifecycleEventsOnHide
Chrome 33.0.1750.152 Mac OS [PASSED] ComponentContainer.testInterface
Chrome 33.0.1750.152 Mac OS [PASSED] ComponentContainer.testRender
Chrome 33.0.1750.152 Mac OS [PASSED] ComponentContainer.testShow
Chrome 33.0.1750.152 Mac OS [PASSED] ComponentContainer.testMultipleShowsOfSameComponentDoesntCallLoadComponentMoreThanOnce
Chrome 33.0.1750.152 Mac OS [PASSED] ComponentContainer.testShowWithArgs
Chrome 33.0.1750.152 Mac OS [PASSED] ComponentContainer.testShowIncludesComponent
Chrome 33.0.1750.152 Mac OS [PASSED] ComponentContainer.testShowKeepHistoryBack
Chrome 33.0.1750.152 Mac OS [PASSED] ComponentContainer.testPushComponent
Chrome 33.0.1750.152 Mac OS [PASSED] ComponentContainer.testGetContent
Chrome 33.0.1750.152 Mac OS [PASSED] ComponentContainer.testHide
Chrome 33.0.1750.152 Mac OS [PASSED] ComponentContainer.testGetCurrentModule
Chrome 33.0.1750.152 Mac OS [PASSED] ComponentContainer.testGetCurrentArguments
Chrome 33.0.1750.152 Mac OS [PASSED] Container.testInterface
Chrome 33.0.1750.152 Mac OS [PASSED] Container.testRender
Chrome 33.0.1750.152 Mac OS [PASSED] Container.testRenderDeep
Chrome 33.0.1750.152 Mac OS [PASSED] Container.testAppendChildWidget
Chrome 33.0.1750.152 Mac OS [PASSED] Container.testAppendChildWidgetDuplicate
Chrome 33.0.1750.152 Mac OS [PASSED] Container.testAppendChildWidgetOrder
Chrome 33.0.1750.152 Mac OS [PASSED] Container.testAppendChildWidgetSetActiveContainer
Chrome 33.0.1750.152 Mac OS [PASSED] Container.testAppendChildWidgetSetActiveButton
Chrome 33.0.1750.152 Mac OS [PASSED] Container.testPrependChildWidgetOrder
Chrome 33.0.1750.152 Mac OS [PASSED] Container.testPrependChildWidgetOrderWhenNotExpectingPenultimateInsertion
Chrome 33.0.1750.152 Mac OS [PASSED] Container.testInsertChildWidgetAtStart
Chrome 33.0.1750.152 Mac OS [PASSED] Container.testInsertChildWidgetAtEnd
Chrome 33.0.1750.152 Mac OS [PASSED] Container.testInsertChildWidgetInTheMiddle
Chrome 33.0.1750.152 Mac OS [PASSED] Container.testRemoveChildWidgets
Chrome 33.0.1750.152 Mac OS [PASSED] Container.testRemoveChildWidgetsWhenEmpty
Chrome 33.0.1750.152 Mac OS [PASSED] Container.testRemoveChildWidgetToEmpty
Chrome 33.0.1750.152 Mac OS [PASSED] Container.testRemoveChildWidget
Chrome 33.0.1750.152 Mac OS [PASSED] Container.testHasChildWidget
Chrome 33.0.1750.152 Mac OS [PASSED] Container.testGetChildWidget
Chrome 33.0.1750.152 Mac OS [PASSED] Container.testGetChildWidgets
Chrome 33.0.1750.152 Mac OS [PASSED] Container.testGetIndexOfChildWidget
Chrome 33.0.1750.152 Mac OS [PASSED] Container.testSetActiveChildWidgetToNonFocusableWidget
Chrome 33.0.1750.152 Mac OS [PASSED] Container.testSetActiveChildWidgetToFocusableWidget
Chrome 33.0.1750.152 Mac OS [PASSED] Container.testSetActiveChildWidgetToFocusableWidgetChangesActiveClasses
Chrome 33.0.1750.152 Mac OS [PASSED] Container.testSetActiveChildWidgetOfNonFocusedWidget
Chrome 33.0.1750.152 Mac OS [PASSED] Container.testSetActiveChildWidgetOfFocusedWidgetToFocusableWidgetChangesFocusClasses
Chrome 33.0.1750.152 Mac OS [PASSED] Container.testSetActiveChildIndex
Chrome 33.0.1750.152 Mac OS [PASSED] Container.testSetActiveChildIndexInvalidIndex
Chrome 33.0.1750.152 Mac OS [PASSED] Container.testGetChildWidgetCount
Chrome 33.0.1750.152 Mac OS [PASSED] Container.testIsNotFocusableWithoutChildButton
Chrome 33.0.1750.152 Mac OS [PASSED] Container.testIsFocusableWithChildButton
Chrome 33.0.1750.152 Mac OS [PASSED] Container.testIsFocusableWithDescendantButton
Chrome 33.0.1750.152 Mac OS [PASSED] Container.testSetAutoRenderChildrenTrue
Chrome 33.0.1750.152 Mac OS [PASSED] Container.testBroadcastEventBroadcastsToAllChildren
Chrome 33.0.1750.152 Mac OS [PASSED] Container.testApplicationKeepsTrackOfFocusWhenFocusEventPropagationIsStoppedExplicitly
Chrome 33.0.1750.152 Mac OS [PASSED] Container.testApplicationKeepsTrackOfFocusWhenFocusEventPropagationIsStoppedViaTreeManipulation
Chrome 33.0.1750.152 Mac OS [PASSED] Container.testAddingButtonToRootGivesButtonFocus
Chrome 33.0.1750.152 Mac OS [PASSED] Container.testAddingContainerWithButtonGivesButtonFocus
Chrome 33.0.1750.152 Mac OS [PASSED] Container.testAddingButtonToContainerGivesButtonFocus
Chrome 33.0.1750.152 Mac OS [PASSED] Container.testFocusReturnsTrueWhenButtonIsEnabled
Chrome 33.0.1750.152 Mac OS [PASSED] Container.testFocusReturnsFalseWhenButtonIsDisabled
Chrome 33.0.1750.152 Mac OS [PASSED] Container.testFocusReturnsFalseWhenNoChildButton
Chrome 33.0.1750.152 Mac OS [PASSED] Container.testFocussingChildButtonDoesNotCauseBlurOnParentWhenParentAlreadyFocussed
Chrome 33.0.1750.152 Mac OS [PASSED] HorizontalCarousel.testInterface
Chrome 33.0.1750.152 Mac OS [PASSED] HorizontalCarousel.testRenderContainer
Chrome 33.0.1750.152 Mac OS [PASSED] HorizontalCarousel.testRenderList
Chrome 33.0.1750.152 Mac OS [PASSED] HorizontalCarousel.testShowCallsShowElementWithCorrectArgs
  [LOG] [object HTMLDivElement]
Chrome 33.0.1750.152 Mac OS [PASSED] HorizontalCarousel.testAnimationParametersPassedToAnimation
Chrome 33.0.1750.152 Mac OS [PASSED] HorizontalCarousel.testRenderInnerElements

Chrome 33.0.1750.152 Mac OS [PASSED] HorizontalCarousel.testRenderTwice
Chrome 33.0.1750.152 Mac OS [PASSED] HorizontalCarousel.testRenderViewportModeDOM
Chrome 33.0.1750.152 Mac OS [PASSED] HorizontalCarousel.testRenderViewportModeClasses
Chrome 33.0.1750.152 Mac OS [PASSED] HorizontalCarousel.testRenderViewportModeNone
Chrome 33.0.1750.152 Mac OS [PASSED] HorizontalCarousel.testAlignmentCenter
Chrome 33.0.1750.152 Mac OS [PASSED] HorizontalCarousel.testAlignmentLeft
Chrome 33.0.1750.152 Mac OS [PASSED] HorizontalCarousel.testAlignmentRight
Chrome 33.0.1750.152 Mac OS [PASSED] HorizontalCarousel.testMoveToLeftNoWrap
Chrome 33.0.1750.152 Mac OS [PASSED] HorizontalCarousel.testMoveToRightNoWrap
Chrome 33.0.1750.152 Mac OS [PASSED] HorizontalCarousel.testDataBindingCreatesWrappedCarousel
Chrome 33.0.1750.152 Mac OS [PASSED] HorizontalCarousel.testGetWrappedElementToLeft
Chrome 33.0.1750.152 Mac OS [PASSED] HorizontalCarousel.testGetWrappedElementToRight
Chrome 33.0.1750.152 Mac OS [PASSED] HorizontalCarousel.testMoveToLeftWrapped
Chrome 33.0.1750.152 Mac OS [PASSED] HorizontalCarousel.testMoveToRightWrapped
Chrome 33.0.1750.152 Mac OS [PASSED] HorizontalCarousel.testAnimationCompleteCallbackIsSpecified
Chrome 33.0.1750.152 Mac OS [PASSED] HorizontalCarousel.testAnimationHandleIsSet
Chrome 33.0.1750.152 Mac OS [PASSED] HorizontalCarousel.testAnimationHandleIsReset
Chrome 33.0.1750.152 Mac OS [PASSED] HorizontalList.testInterface
Chrome 33.0.1750.152 Mac OS [PASSED] HorizontalList.testRender
Chrome 33.0.1750.152 Mac OS [PASSED] HorizontalList.testNavigation
Chrome 33.0.1750.152 Mac OS [PASSED] HorizontalList.testNavigationWrapped
Chrome 33.0.1750.152 Mac OS [PASSED] Image.testInterface
Chrome 33.0.1750.152 Mac OS [PASSED] Image.testRender
Chrome 33.0.1750.152 Mac OS [PASSED] Image.testSetGetSource
Chrome 33.0.1750.152 Mac OS [PASSED] Keyboard.testSettingAndGettingOfMultiTap
Chrome 33.0.1750.152 Mac OS [PASSED] Keyboard.testKeyboardBuiltWithCorrectNumberOfRowsAndCols
Chrome 33.0.1750.152 Mac OS [PASSED] Keyboard.testKeyboardBuiltWithSpaceKey
Chrome 33.0.1750.152 Mac OS [PASSED] Keyboard.testKeyboardBuiltWithDelKey
Chrome 33.0.1750.152 Mac OS [PASSED] Keyboard.testKeyboardBuiltWithEmptyNonFunctioningSpacer
Chrome 33.0.1750.152 Mac OS [PASSED] Keyboard.testSettingAndGettingOfText
Chrome 33.0.1750.152 Mac OS [PASSED] Keyboard.testSetTextAddsMaxLengthClassWhenNewTextIsMaxlength
Chrome 33.0.1750.152 Mac OS [PASSED] Keyboard.testSetTextRemovesMaxlengthClassWhenSetTextWithLengthLessThanMaxlength
Chrome 33.0.1750.152 Mac OS [PASSED] Keyboard.testCaptilisationForcesUppercaseWhenUppercaseFlagSet
Chrome 33.0.1750.152 Mac OS [PASSED] Keyboard.testCaptilisationForcesLowercaseWhenLowercaseFlagSet
Chrome 33.0.1750.152 Mac OS [PASSED] Keyboard.testCaptilisationForcesTitlecaseWhenTitlecaseFlagSet
Chrome 33.0.1750.152 Mac OS [PASSED] Label.testInterface
Chrome 33.0.1750.152 Mac OS [PASSED] Label.testRender
Chrome 33.0.1750.152 Mac OS [PASSED] Label.testSetGetText
Chrome 33.0.1750.152 Mac OS [PASSED] Label.testTruncation
Chrome 33.0.1750.152 Mac OS [PASSED] List.testInterface
Chrome 33.0.1750.152 Mac OS [PASSED] List.testRender
Chrome 33.0.1750.152 Mac OS [PASSED] List.testRenderModeDefault
Chrome 33.0.1750.152 Mac OS [PASSED] List.testRenderModeList
Chrome 33.0.1750.152 Mac OS [PASSED] List.testRenderModeContainer
Chrome 33.0.1750.152 Mac OS [PASSED] List.testRenderModeDefaultChildrenAreContainers
Chrome 33.0.1750.152 Mac OS [PASSED] List.testRenderModeListChildrenAreListItems
Chrome 33.0.1750.152 Mac OS [PASSED] List.testRenderModeContainerChildrenAreContainers
Chrome 33.0.1750.152 Mac OS [PASSED] List.testAppendedChildrenHaveListItemClass
Chrome 33.0.1750.152 Mac OS [PASSED] List.testInsertedChildrenHaveListItemClass
Chrome 33.0.1750.152 Mac OS [PASSED] List.testRemovedChildrenLoseListItemClass
Chrome 33.0.1750.152 Mac OS [PASSED] List.testRemovedChildrenViaRemoveWidgetsLoseListItemClass
Chrome 33.0.1750.152 Mac OS [PASSED] List.testSynchronousDataBoundViaConstructor
Chrome 33.0.1750.152 Mac OS [PASSED] List.testAsynchronousDataBoundViaConstructor
Chrome 33.0.1750.152 Mac OS [PASSED] List.testSetDataSource
Chrome 33.0.1750.152 Mac OS [PASSED] List.testBeforeDataBindEvent
Chrome 33.0.1750.152 Mac OS [PASSED] List.testDataBoundEvent
Chrome 33.0.1750.152 Mac OS [PASSED] List.testDataBindingError
Chrome 33.0.1750.152 Mac OS [PASSED] List.testAppendChildWidgetModeContainer
Chrome 33.0.1750.152 Mac OS [PASSED] List.testAppendChildWidgetModeList
Chrome 33.0.1750.152 Mac OS [PASSED] List.testInsertChildWidgetModeContainer
Chrome 33.0.1750.152 Mac OS [PASSED] List.testInsertChildWidgetModeList
Chrome 33.0.1750.152 Mac OS [PASSED] List.testSetActiveChildWidgetRaisesSelectedItemChangeEvent
Chrome 33.0.1750.152 Mac OS [PASSED] List.testResetDataBindings
Chrome 33.0.1750.152 Mac OS [PASSED] List.testRebindDataSource
Chrome 33.0.1750.152 Mac OS [PASSED] List.testRemoveChildWidget
Chrome 33.0.1750.152 Mac OS [PASSED] List.testRemoveChildWidgets
Chrome 33.0.1750.152 Mac OS [PASSED] List.testBindUnbindProgressIndicator
Chrome 33.0.1750.152 Mac OS [PASSED] List.testSetGetDataBindingOrder
Chrome 33.0.1750.152 Mac OS [PASSED] List.testBindingOrderForward
Chrome 33.0.1750.152 Mac OS [PASSED] List.testBindingOrderReverse

Chrome 33.0.1750.152 Mac OS [PASSED] ListItem.testInterface
Chrome 33.0.1750.152 Mac OS [PASSED] ListItem.testRender
Chrome 33.0.1750.152 Mac OS [PASSED] VerticalList.testInterface
Chrome 33.0.1750.152 Mac OS [PASSED] VerticalList.testRender
Chrome 33.0.1750.152 Mac OS [PASSED] VerticalList.testNavigation
Chrome 33.0.1750.152 Mac OS [PASSED] Widget.testInterface
Chrome 33.0.1750.152 Mac OS [PASSED] Widget.testRender
Chrome 33.0.1750.152 Mac OS [PASSED] Widget.testAddClassHasClass
Chrome 33.0.1750.152 Mac OS [PASSED] Widget.testRemoveClassHasClass
Chrome 33.0.1750.152 Mac OS [PASSED] Widget.testGetClasses
Chrome 33.0.1750.152 Mac OS [PASSED] Widget.testAddClassMultipleTimes
Chrome 33.0.1750.152 Mac OS [PASSED] Widget.testAddEventListener
Chrome 33.0.1750.152 Mac OS [PASSED] Widget.testRemoveEventListener
Chrome 33.0.1750.152 Mac OS [PASSED] Widget.testBubbleEvent
Chrome 33.0.1750.152 Mac OS [PASSED] Widget.testBroadcastEvent
Chrome 33.0.1750.152 Mac OS [PASSED] Widget.testIsFocusable
Chrome 33.0.1750.152 Mac OS [PASSED] Widget.testGetCurrentApplication
Chrome 33.0.1750.152 Mac OS [PASSED] Widget.testSetGetDataItem
Chrome 33.0.1750.152 Mac OS [PASSED] Widget.testGetComponent
Chrome 33.0.1750.152 Mac OS [PASSED] Widget.testRemoveFocus
Chrome 33.0.1750.152 Mac OS [PASSED] Widget.testShowThrowsExceptionWhenNoOutputElementDefined
Chrome 33.0.1750.152 Mac OS [PASSED] Widget.testShowCallsShowElementWithCorrectArgs
Chrome 33.0.1750.152 Mac OS [PASSED] Widget.testShowMakesElementVisible
Chrome 33.0.1750.152 Mac OS [PASSED] Widget.testHideThrowsExceptionWhenNoOutputElementDefined
Chrome 33.0.1750.152 Mac OS [PASSED] Widget.testHideCallsHideElementWithCorrectArgs
Chrome 33.0.1750.152 Mac OS [PASSED] Widget.testHideMakesElementHidden
Chrome 33.0.1750.152 Mac OS [PASSED] Widget.testMoveToThrowsExceptionWhenNoOutputElementDefined
Chrome 33.0.1750.152 Mac OS [PASSED] Widget.testMoveToCallsMoveElementToWithCorrectArgs
Chrome 33.0.1750.152 Mac OS [PASSED] Widget.testMoveToMovesElementAsSpecified
Total 1079 tests (Passed: 1072; Fails: 7; Errors: 0) (307970.00 ms)
  Chrome 33.0.1750.152 Mac OS: Run 1079 tests (Passed: 1072; Fails: 7; Errors 0) (307970.00 ms)
    StyleTopLeftAnimation.testMoveElementToWithNoAnim failed (12999.00 ms): AssertError: Complete (almost) immediately expected true but was false
AssertError: Complete (almost) immediately expected true but was false
      Error: Complete (almost) immediately expected true but was false
          at null.<anonymous> (http://localhost:9876/test/script-tests/tests/devices/anim/styletopleft.js:504:21)
          at movesScroll (http://localhost:9876/test/script/devices/anim/styletopleft.js:53:14)
          at Device.moveElementTo (http://localhost:9876/test/script/devices/anim/styletopleft.js:144:23)
          at null.<anonymous> (http://localhost:9876/test/script-tests/tests/devices/anim/styletopleft.js:506:24)
      
      Error: Complete (almost) immediately expected true but was false
          at null.<anonymous> (http://localhost:9876/test/script-tests/tests/devices/anim/styletopleft.js:504:21)
          at movesScroll (http://localhost:9876/test/script/devices/anim/styletopleft.js:53:14)
          at Device.moveElementTo (http://localhost:9876/test/script/devices/anim/styletopleft.js:144:23)
          at null.<anonymous> (http://localhost:9876/test/script-tests/tests/devices/anim/styletopleft.js:506:24)

    StyleTopLeftAnimation.testMoveElementToWithNoAnimInConfig failed (12993.00 ms): AssertError: Complete (almost) immediately expected true but was false
AssertError: Complete (almost) immediately expected true but was false
      Error: Complete (almost) immediately expected true but was false
          at null.<anonymous> (http://localhost:9876/test/script-tests/tests/devices/anim/styletopleft.js:542:21)
          at movesScroll (http://localhost:9876/test/script/devices/anim/styletopleft.js:53:14)
          at Device.moveElementTo (http://localhost:9876/test/script/devices/anim/styletopleft.js:144:23)
          at null.<anonymous> (http://localhost:9876/test/script-tests/tests/devices/anim/styletopleft.js:544:24)
      
      Error: Complete (almost) immediately expected true but was false
          at null.<anonymous> (http://localhost:9876/test/script-tests/tests/devices/anim/styletopleft.js:542:21)
          at movesScroll (http://localhost:9876/test/script/devices/anim/styletopleft.js:53:14)
          at Device.moveElementTo (http://localhost:9876/test/script/devices/anim/styletopleft.js:144:23)
          at null.<anonymous> (http://localhost:9876/test/script-tests/tests/devices/anim/styletopleft.js:544:24)

    StyleTopLeftAnimation.testHideElementWithNoAnim failed (12999.00 ms): AssertError: Complete (almost) immediately expected true but was false
AssertError: Complete (almost) immediately expected true but was false
      Error: Complete (almost) immediately expected true but was false
          at null.<anonymous> (http://localhost:9876/test/script-tests/tests/devices/anim/styletopleft.js:605:21)
          at Device.hideElement (http://localhost:9876/test/script/devices/anim/styletopleft.js:154:14)
          at null.<anonymous> (http://localhost:9876/test/script-tests/tests/devices/anim/styletopleft.js:607:24)
      
      Error: Complete (almost) immediately expected true but was false
          at null.<anonymous> (http://localhost:9876/test/script-tests/tests/devices/anim/styletopleft.js:605:21)
          at Device.hideElement (http://localhost:9876/test/script/devices/anim/styletopleft.js:154:14)
          at null.<anonymous> (http://localhost:9876/test/script-tests/tests/devices/anim/styletopleft.js:607:24)

    StyleTopLeftAnimation.testHideElementWithNoAnimInConfig failed (12997.00 ms): AssertError: Complete (almost) immediately expected true but was false
AssertError: Complete (almost) immediately expected true but was false
      Error: Complete (almost) immediately expected true but was false
          at null.<anonymous> (http://localhost:9876/test/script-tests/tests/devices/anim/styletopleft.js:638:21)
          at Device.hideElement (http://localhost:9876/test/script/devices/anim/styletopleft.js:154:14)
          at null.<anonymous> (http://localhost:9876/test/script-tests/tests/devices/anim/styletopleft.js:640:24)
      
      Error: Complete (almost) immediately expected true but was false
          at null.<anonymous> (http://localhost:9876/test/script-tests/tests/devices/anim/styletopleft.js:638:21)
          at Device.hideElement (http://localhost:9876/test/script/devices/anim/styletopleft.js:154:14)
          at null.<anonymous> (http://localhost:9876/test/script-tests/tests/devices/anim/styletopleft.js:640:24)

    StyleTopLeftAnimation.testShowElementWithNoAnim failed (12999.00 ms): AssertError: Complete (almost) immediately expected true but was false
AssertError: Complete (almost) immediately expected true but was false
      Error: Complete (almost) immediately expected true but was false
          at null.<anonymous> (http://localhost:9876/test/script-tests/tests/devices/anim/styletopleft.js:696:21)
          at Device.showElement (http://localhost:9876/test/script/devices/anim/styletopleft.js:188:14)
          at null.<anonymous> (http://localhost:9876/test/script-tests/tests/devices/anim/styletopleft.js:698:24)
      
      Error: Complete (almost) immediately expected true but was false
          at null.<anonymous> (http://localhost:9876/test/script-tests/tests/devices/anim/styletopleft.js:696:21)
          at Device.showElement (http://localhost:9876/test/script/devices/anim/styletopleft.js:188:14)
          at null.<anonymous> (http://localhost:9876/test/script-tests/tests/devices/anim/styletopleft.js:698:24)

    StyleTopLeftAnimation.testShowElementWithNoAnimInConfig failed (12998.00 ms): AssertError: Complete (almost) immediately expected true but was false
AssertError: Complete (almost) immediately expected true but was false
      Error: Complete (almost) immediately expected true but was false
          at null.<anonymous> (http://localhost:9876/test/script-tests/tests/devices/anim/styletopleft.js:730:21)
          at Device.showElement (http://localhost:9876/test/script/devices/anim/styletopleft.js:188:14)
          at null.<anonymous> (http://localhost:9876/test/script-tests/tests/devices/anim/styletopleft.js:732:24)
      
      Error: Complete (almost) immediately expected true but was false
          at null.<anonymous> (http://localhost:9876/test/script-tests/tests/devices/anim/styletopleft.js:730:21)
          at Device.showElement (http://localhost:9876/test/script/devices/anim/styletopleft.js:188:14)
          at null.<anonymous> (http://localhost:9876/test/script-tests/tests/devices/anim/styletopleft.js:732:24)

    BrowserDevice.testLoadStyleSheet failed (268.00 ms): AssertError: expected 0 not to be equal to 0
      Error: expected 0 not to be equal to 0
          at null.<anonymous> (http://localhost:9876/test/script-tests/tests/devices/browserdevice.js:219:6)
          at http://localhost:9876/test/script-tests/tests/devices/browserdevice.js:224:6
          at http://localhost:9876/test/script/devices/browserdevice.js:205:25

Tests failed: Tests failed. See log for details.
[INFO] Shutting Down
